  [4;36;1mSQL (0.2ms)[0m   [0;1mSET NAMES 'utf8'[0m
  [4;35;1mSQL (0.1ms)[0m   [0mSET SQL_AUTO_IS_NULL=0[0m
  [4;36;1mSQL (0.3ms)[0m   [0;1mSHOW TABLES[0m
  [4;35;1mSQL (20.0ms)[0m   [0mCREATE TABLE `schema_migrations` (`version` varchar(255) NOT NULL) ENGINE=InnoDB[0m
  [4;36;1mSQL (0.5ms)[0m   [0;1mSHOW KEYS FROM `schema_migrations`[0m
  [4;35;1mSQL (8.0ms)[0m   [0mCREATE UNIQUE INDEX `unique_schema_migrations` ON `schema_migrations` (`version`)[0m
  [4;36;1mSQL (0.3ms)[0m   [0;1mSHOW TABLES[0m
  [4;35;1mSQL (0.3ms)[0m   [0mSELECT version FROM schema_migrations[0m
Migrating to CreateProducts (20100622130047)
  [4;36;1mSQL (0.3ms)[0m   [0;1mSET NAMES 'utf8'[0m
  [4;35;1mSQL (0.1ms)[0m   [0mSET SQL_AUTO_IS_NULL=0[0m
  [4;36;1mSQL (0.3ms)[0m   [0;1mSHOW TABLES[0m
  [4;35;1mSQL (0.6ms)[0m   [0mSELECT version FROM schema_migrations[0m
Migrating to CreateProducts (20100622130047)
  [4;36;1mSQL (0.4ms)[0m   [0;1mSET NAMES 'utf8'[0m
  [4;35;1mSQL (0.1ms)[0m   [0mSET SQL_AUTO_IS_NULL=0[0m
  [4;36;1mSQL (0.4ms)[0m   [0;1mSHOW TABLES[0m
  [4;35;1mSQL (0.2ms)[0m   [0mSELECT version FROM schema_migrations[0m
Migrating to CreateProducts (20100622130047)
  [4;36;1mSQL (0.4ms)[0m   [0;1mSET NAMES 'utf8'[0m
  [4;35;1mSQL (0.3ms)[0m   [0mSET SQL_AUTO_IS_NULL=0[0m
  [4;36;1mSQL (0.3ms)[0m   [0;1mSHOW TABLES[0m
  [4;35;1mSQL (0.2ms)[0m   [0mSELECT version FROM schema_migrations[0m
Migrating to CreateProducts (20100622130047)
  [4;36;1mSQL (6.5ms)[0m   [0;1mCREATE TABLE `products` (`id` int(11) DEFAULT NULL auto_increment PRIMARY KEY, `title` varchar(255), `description` text, `image_url` varchar(255), `created_at` datetime, `updated_at` datetime) ENGINE=InnoDB[0m
  [4;35;1mSQL (8.3ms)[0m   [0mINSERT INTO schema_migrations (version) VALUES ('20100622130047')[0m
  [4;36;1mSQL (0.8ms)[0m   [0;1mSHOW TABLES[0m
  [4;35;1mSQL (0.3ms)[0m   [0mSELECT version FROM schema_migrations[0m
  [4;36;1mSQL (0.2ms)[0m   [0;1mSHOW TABLES[0m
  [4;35;1mSQL (0.8ms)[0m   [0mSHOW FIELDS FROM `products`[0m
  [4;36;1mSQL (0.5ms)[0m   [0;1mdescribe `products`[0m
  [4;35;1mSQL (20.4ms)[0m   [0mSHOW KEYS FROM `products`[0m
  [4;36;1mSQL (0.3ms)[0m   [0;1mSET NAMES 'utf8'[0m
  [4;35;1mSQL (0.1ms)[0m   [0mSET SQL_AUTO_IS_NULL=0[0m


Processing Rails::InfoController#properties (for 127.0.0.1 at 2010-06-22 18:39:30) [GET]
  [4;36;1mSQL (0.5ms)[0m   [0;1mSHOW TABLES[0m
  [4;35;1mSQL (0.2ms)[0m   [0mSELECT version FROM schema_migrations[0m
Completed in 44ms (View: 5, DB: 1) | 200 OK [http://localhost/rails/info/properties]
  [4;36;1mSQL (0.1ms)[0m   [0;1mSET NAMES 'utf8'[0m
  [4;35;1mSQL (0.1ms)[0m   [0mSET SQL_AUTO_IS_NULL=0[0m


Processing ProductsController#index (for 127.0.0.1 at 2010-06-22 18:39:34) [GET]
  [4;36;1mProduct Load (0.5ms)[0m   [0;1mSELECT * FROM `products` [0m
Rendering template within layouts/products
Rendering products/index
Completed in 118ms (View: 72, DB: 1) | 200 OK [http://localhost/Products]
  [4;35;1mSQL (0.2ms)[0m   [0mSET NAMES 'utf8'[0m
  [4;36;1mSQL (0.1ms)[0m   [0;1mSET SQL_AUTO_IS_NULL=0[0m


Processing ProductsController#new (for 127.0.0.1 at 2010-06-22 18:39:37) [GET]
  [4;35;1mProduct Columns (1.0ms)[0m   [0mSHOW FIELDS FROM `products`[0m
Rendering template within layouts/products
Rendering products/new
Completed in 93ms (View: 19, DB: 1) | 200 OK [http://localhost/products/new]
  [4;36;1mSQL (0.2ms)[0m   [0;1mSET NAMES 'utf8'[0m
  [4;35;1mSQL (0.1ms)[0m   [0mSET SQL_AUTO_IS_NULL=0[0m


Processing ProductsController#create (for 127.0.0.1 at 2010-06-22 18:41:29) [POST]
  Parameters: {"commit"=>"Create", "authenticity_token"=>"bcLco+YZiBFiVXVh/CW33EfO9TGB/YTAWHKnXHO9z1U=", "product"=>{"image_url"=>"test", "title"=>"tes", "description"=>"ttest"}}
  [4;36;1mProduct Columns (1.3ms)[0m   [0;1mSHOW FIELDS FROM `products`[0m
  [4;35;1mSQL (2.4ms)[0m   [0mBEGIN[0m
  [4;36;1mProduct Create (1.3ms)[0m   [0;1mINSERT INTO `products` (`created_at`, `title`, `image_url`, `updated_at`, `description`) VALUES('2010-06-22 13:11:29', 'tes', 'test', '2010-06-22 13:11:29', 'ttest')[0m
  [4;35;1mSQL (60.8ms)[0m   [0mCOMMIT[0m
Redirected to http://localhost:3000/products/1
Completed in 76ms (DB: 66) | 302 Found [http://localhost/products]
  [4;36;1mSQL (0.1ms)[0m   [0;1mSET NAMES 'utf8'[0m
  [4;35;1mSQL (0.1ms)[0m   [0mSET SQL_AUTO_IS_NULL=0[0m


Processing ProductsController#show (for 127.0.0.1 at 2010-06-22 18:41:29) [GET]
  Parameters: {"id"=>"1"}
  [4;36;1mProduct Columns (3.4ms)[0m   [0;1mSHOW FIELDS FROM `products`[0m
  [4;35;1mProduct Load (2.3ms)[0m   [0mSELECT * FROM `products` WHERE (`products`.`id` = 1) [0m
Rendering template within layouts/products
Rendering products/show
Completed in 31ms (View: 18, DB: 6) | 200 OK [http://localhost/products/1]
  [4;36;1mSQL (0.1ms)[0m   [0;1mSET NAMES 'utf8'[0m
  [4;35;1mSQL (0.1ms)[0m   [0mSET SQL_AUTO_IS_NULL=0[0m


Processing ProductsController#index (for 127.0.0.1 at 2010-06-22 18:41:32) [GET]
  [4;36;1mProduct Load (6.0ms)[0m   [0;1mSELECT * FROM `products` [0m
Rendering template within layouts/products
Rendering products/index
  [4;35;1mProduct Columns (0.7ms)[0m   [0mSHOW FIELDS FROM `products`[0m
Completed in 26ms (View: 13, DB: 7) | 200 OK [http://localhost/products]
  [4;36;1mSQL (0.1ms)[0m   [0;1mSET NAMES 'utf8'[0m
  [4;35;1mSQL (0.1ms)[0m   [0mSET SQL_AUTO_IS_NULL=0[0m


Processing ProductsController#destroy (for 127.0.0.1 at 2010-06-22 18:41:38) [DELETE]
  Parameters: {"authenticity_token"=>"bcLco+YZiBFiVXVh/CW33EfO9TGB/YTAWHKnXHO9z1U=", "id"=>"1"}
  [4;36;1mProduct Columns (12.3ms)[0m   [0;1mSHOW FIELDS FROM `products`[0m
  [4;35;1mProduct Load (0.1ms)[0m   [0mSELECT * FROM `products` WHERE (`products`.`id` = 1) [0m
  [4;36;1mSQL (0.1ms)[0m   [0;1mBEGIN[0m
  [4;35;1mProduct Destroy (1.7ms)[0m   [0mDELETE FROM `products` WHERE `id` = 1[0m
  [4;36;1mSQL (12.7ms)[0m   [0;1mCOMMIT[0m
Redirected to http://localhost:3000/products
Completed in 103ms (DB: 27) | 302 Found [http://localhost/products/1]
  [4;35;1mSQL (0.1ms)[0m   [0mSET NAMES 'utf8'[0m
  [4;36;1mSQL (0.1ms)[0m   [0;1mSET SQL_AUTO_IS_NULL=0[0m


Processing ProductsController#index (for 127.0.0.1 at 2010-06-22 18:41:38) [GET]
  [4;35;1mProduct Load (0.8ms)[0m   [0mSELECT * FROM `products` [0m
Rendering template within layouts/products
Rendering products/index
Completed in 9ms (View: 1, DB: 1) | 200 OK [http://localhost/products]
  [4;36;1mSQL (0.4ms)[0m   [0;1mSET NAMES 'utf8'[0m
  [4;35;1mSQL (0.2ms)[0m   [0mSET SQL_AUTO_IS_NULL=0[0m
  [4;36;1mSQL (0.3ms)[0m   [0;1mSHOW TABLES[0m
  [4;35;1mSQL (0.2ms)[0m   [0mSELECT version FROM schema_migrations[0m
Migrating to CreateProducts (20100622130047)
Migrating to AddPriceToProduct (20100622131607)
  [4;36;1mSQL (0.4ms)[0m   [0;1mSET NAMES 'utf8'[0m
  [4;35;1mSQL (0.1ms)[0m   [0mSET SQL_AUTO_IS_NULL=0[0m
  [4;36;1mSQL (0.4ms)[0m   [0;1mSHOW TABLES[0m
  [4;35;1mSQL (0.2ms)[0m   [0mSELECT version FROM schema_migrations[0m
Migrating to CreateProducts (20100622130047)
Migrating to AddPriceToProduct (20100622131607)
  [4;36;1mSQL (0.3ms)[0m   [0;1mSET NAMES 'utf8'[0m
  [4;35;1mSQL (0.1ms)[0m   [0mSET SQL_AUTO_IS_NULL=0[0m
  [4;36;1mSQL (0.5ms)[0m   [0;1mSHOW TABLES[0m
  [4;35;1mSQL (0.7ms)[0m   [0mSELECT version FROM schema_migrations[0m
Migrating to CreateProducts (20100622130047)
Migrating to AddPriceToProduct (20100622131607)
  [4;36;1mSQL (0.2ms)[0m   [0;1mSET NAMES 'utf8'[0m
  [4;35;1mSQL (0.1ms)[0m   [0mSET SQL_AUTO_IS_NULL=0[0m
  [4;36;1mSQL (0.3ms)[0m   [0;1mSHOW TABLES[0m
  [4;35;1mSQL (0.1ms)[0m   [0mSELECT version FROM schema_migrations[0m
Migrating to CreateProducts (20100622130047)
Migrating to AddPriceToProduct (20100622131607)
  [4;36;1mSQL (0.4ms)[0m   [0;1mSET NAMES 'utf8'[0m
  [4;35;1mSQL (0.1ms)[0m   [0mSET SQL_AUTO_IS_NULL=0[0m
  [4;36;1mSQL (0.3ms)[0m   [0;1mSHOW TABLES[0m
  [4;35;1mSQL (0.2ms)[0m   [0mSELECT version FROM schema_migrations[0m
Migrating to CreateProducts (20100622130047)
Migrating to AddPriceToProduct (20100622131607)
  [4;36;1mSQL (17.8ms)[0m   [0;1mALTER TABLE `products` ADD `price` decimal(8,2) DEFAULT 0[0m
  [4;35;1mSQL (0.8ms)[0m   [0mINSERT INTO schema_migrations (version) VALUES ('20100622131607')[0m
  [4;36;1mSQL (1.2ms)[0m   [0;1mSHOW TABLES[0m
  [4;35;1mSQL (0.3ms)[0m   [0mSELECT version FROM schema_migrations[0m
  [4;36;1mSQL (0.2ms)[0m   [0;1mSHOW TABLES[0m
  [4;35;1mSQL (0.7ms)[0m   [0mSHOW FIELDS FROM `products`[0m
  [4;36;1mSQL (0.5ms)[0m   [0;1mdescribe `products`[0m
  [4;35;1mSQL (0.2ms)[0m   [0mSHOW KEYS FROM `products`[0m
  [4;36;1mSQL (0.4ms)[0m   [0;1mSET NAMES 'utf8'[0m
  [4;35;1mSQL (0.2ms)[0m   [0mSET SQL_AUTO_IS_NULL=0[0m
  [4;36;1mSQL (0.3ms)[0m   [0;1mSHOW TABLES[0m
  [4;35;1mSQL (0.1ms)[0m   [0mSELECT version FROM schema_migrations[0m
Migrating to CreateProducts (20100622130047)
Migrating to AddPriceToProduct (20100622131607)
  [4;36;1mSQL (0.8ms)[0m   [0;1mSHOW TABLES[0m
  [4;35;1mSQL (0.2ms)[0m   [0mSELECT version FROM schema_migrations[0m
  [4;36;1mSQL (0.2ms)[0m   [0;1mSHOW TABLES[0m
  [4;35;1mSQL (0.6ms)[0m   [0mSHOW FIELDS FROM `products`[0m
  [4;36;1mSQL (0.9ms)[0m   [0;1mdescribe `products`[0m
  [4;35;1mSQL (0.2ms)[0m   [0mSHOW KEYS FROM `products`[0m
  [4;36;1mSQL (0.3ms)[0m   [0;1mSET NAMES 'utf8'[0m
  [4;35;1mSQL (0.2ms)[0m   [0mSET SQL_AUTO_IS_NULL=0[0m
  [4;36;1mSQL (0.7ms)[0m   [0;1mSHOW TABLES[0m
  [4;35;1mSQL (0.3ms)[0m   [0mSELECT version FROM schema_migrations[0m
Migrating to CreateProducts (20100622130047)
  [4;36;1mSQL (0.0ms)[0m   [0;1mMysql::Error: Table 'products' already exists: CREATE TABLE `products` (`id` int(11) DEFAULT NULL auto_increment PRIMARY KEY, `title` varchar(255), `description` text, `image_url` varchar(255), `created_at` datetime, `updated_at` datetime) ENGINE=InnoDB[0m
  [4;36;1mSQL (0.4ms)[0m   [0;1mSET NAMES 'utf8'[0m
  [4;35;1mSQL (0.2ms)[0m   [0mSET SQL_AUTO_IS_NULL=0[0m
  [4;36;1mSQL (0.4ms)[0m   [0;1mSHOW TABLES[0m
  [4;35;1mSQL (0.2ms)[0m   [0mSELECT version FROM schema_migrations[0m
Migrating to AddPriceToProduct (20100622131607)
  [4;36;1mSQL (27.3ms)[0m   [0;1mALTER TABLE `products` ADD `price` decimal(8,2) DEFAULT 0[0m
  [4;35;1mSQL (1.7ms)[0m   [0mINSERT INTO schema_migrations (version) VALUES ('20100622131607')[0m
  [4;36;1mSQL (0.4ms)[0m   [0;1mSHOW TABLES[0m
  [4;35;1mSQL (0.2ms)[0m   [0mSELECT version FROM schema_migrations[0m
  [4;36;1mSQL (0.3ms)[0m   [0;1mSHOW TABLES[0m
  [4;35;1mSQL (1.2ms)[0m   [0mSHOW FIELDS FROM `products`[0m
  [4;36;1mSQL (0.6ms)[0m   [0;1mdescribe `products`[0m
  [4;35;1mSQL (0.9ms)[0m   [0mSHOW KEYS FROM `products`[0m
  [4;36;1mSQL (0.2ms)[0m   [0;1mSET NAMES 'utf8'[0m
  [4;35;1mSQL (0.1ms)[0m   [0mSET SQL_AUTO_IS_NULL=0[0m


Processing ProductsController#index (for 127.0.0.1 at 2010-06-25 16:01:18) [GET]
  [4;36;1mProduct Load (1.3ms)[0m   [0;1mSELECT * FROM `products` [0m
Rendering template within layouts/products
Rendering products/index
  [4;35;1mProduct Columns (0.9ms)[0m   [0mSHOW FIELDS FROM `products`[0m
Completed in 60ms (View: 52, DB: 3) | 200 OK [http://localhost/products]
  [4;36;1mSQL (0.1ms)[0m   [0;1mSET NAMES 'utf8'[0m
  [4;35;1mSQL (0.1ms)[0m   [0mSET SQL_AUTO_IS_NULL=0[0m


Processing ProductsController#new (for 127.0.0.1 at 2010-06-25 16:01:19) [GET]
  [4;36;1mProduct Columns (1.3ms)[0m   [0;1mSHOW FIELDS FROM `products`[0m
Rendering template within layouts/products
Rendering products/new
Completed in 38ms (View: 26, DB: 2) | 200 OK [http://localhost/products/new]
  [4;35;1mSQL (0.1ms)[0m   [0mSET NAMES 'utf8'[0m
  [4;36;1mSQL (0.1ms)[0m   [0;1mSET SQL_AUTO_IS_NULL=0[0m


Processing ProductsController#create (for 127.0.0.1 at 2010-06-25 16:01:20) [POST]
  Parameters: {"commit"=>"Create", "authenticity_token"=>"h7JzGRMlGzvrCjGvQ4hU8Q+qUcwKDbPHIMyI1eD2yWM=", "product"=>{"price"=>"0.0", "image_url"=>"", "title"=>"", "description"=>""}}
  [4;35;1mProduct Columns (24.2ms)[0m   [0mSHOW FIELDS FROM `products`[0m
  [4;36;1mSQL (0.1ms)[0m   [0;1mBEGIN[0m
  [4;35;1mProduct Load (4.6ms)[0m   [0mSELECT `products`.id FROM `products` WHERE (`products`.`title` = BINARY '') LIMIT 1[0m
  [4;36;1mSQL (2.3ms)[0m   [0;1mROLLBACK[0m
Rendering template within layouts/products
Rendering products/new
Completed in 146ms (View: 102, DB: 31) | 200 OK [http://localhost/products]
  [4;35;1mSQL (0.1ms)[0m   [0mSET NAMES 'utf8'[0m
  [4;36;1mSQL (0.2ms)[0m   [0;1mSET SQL_AUTO_IS_NULL=0[0m


Processing ProductsController#create (for 127.0.0.1 at 2010-06-25 16:13:06) [POST]
  Parameters: {"commit"=>"Create", "authenticity_token"=>"h7JzGRMlGzvrCjGvQ4hU8Q+qUcwKDbPHIMyI1eD2yWM=", "product"=>{"price"=>"0.0r", "image_url"=>"res", "title"=>"", "description"=>"res"}}
  [4;35;1mProduct Columns (0.9ms)[0m   [0mSHOW FIELDS FROM `products`[0m
  [4;36;1mSQL (0.1ms)[0m   [0;1mBEGIN[0m
  [4;35;1mProduct Load (0.2ms)[0m   [0mSELECT `products`.id FROM `products` WHERE (`products`.`title` = BINARY '') LIMIT 1[0m
  [4;36;1mSQL (0.2ms)[0m   [0;1mROLLBACK[0m
Rendering template within layouts/products
Rendering products/new
Completed in 39ms (View: 24, DB: 2) | 200 OK [http://localhost/products]
  [4;35;1mSQL (0.7ms)[0m   [0mSET NAMES 'utf8'[0m
  [4;36;1mSQL (0.1ms)[0m   [0;1mSET SQL_AUTO_IS_NULL=0[0m


Processing ProductsController#index (for 127.0.0.1 at 2010-06-25 16:24:56) [GET]
  [4;35;1mProduct Load (25.0ms)[0m   [0mSELECT * FROM `products` [0m
Rendering template within layouts/products
Rendering products/index
  [4;36;1mProduct Columns (15.0ms)[0m   [0;1mSHOW FIELDS FROM `products`[0m
Completed in 63ms (View: 16, DB: 41) | 200 OK [http://localhost/products]
  [4;35;1mSQL (0.2ms)[0m   [0mSET NAMES 'utf8'[0m
  [4;36;1mSQL (0.9ms)[0m   [0;1mSET SQL_AUTO_IS_NULL=0[0m


Processing ProductsController#new (for 127.0.0.1 at 2010-06-25 16:24:58) [GET]
  [4;35;1mProduct Columns (0.9ms)[0m   [0mSHOW FIELDS FROM `products`[0m
Rendering template within layouts/products
Rendering products/new
Completed in 47ms (View: 19, DB: 2) | 200 OK [http://localhost/products/new]
  [4;36;1mSQL (0.1ms)[0m   [0;1mSET NAMES 'utf8'[0m
  [4;35;1mSQL (0.1ms)[0m   [0mSET SQL_AUTO_IS_NULL=0[0m


Processing ProductsController#create (for 127.0.0.1 at 2010-06-25 16:25:00) [POST]
  Parameters: {"commit"=>"Create", "authenticity_token"=>"h7JzGRMlGzvrCjGvQ4hU8Q+qUcwKDbPHIMyI1eD2yWM=", "product"=>{"price"=>"0.0", "image_url"=>"", "title"=>"", "description"=>""}}
  [4;36;1mProduct Columns (7.3ms)[0m   [0;1mSHOW FIELDS FROM `products`[0m
  [4;35;1mSQL (13.1ms)[0m   [0mBEGIN[0m
  [4;36;1mProduct Load (1.6ms)[0m   [0;1mSELECT `products`.id FROM `products` WHERE (`products`.`title` = BINARY '') LIMIT 1[0m
  [4;35;1mSQL (0.3ms)[0m   [0mROLLBACK[0m
Rendering template within layouts/products
Rendering products/new
Completed in 68ms (View: 37, DB: 22) | 200 OK [http://localhost/products]
  [4;36;1mSQL (0.1ms)[0m   [0;1mSET NAMES 'utf8'[0m
  [4;35;1mSQL (0.1ms)[0m   [0mSET SQL_AUTO_IS_NULL=0[0m


Processing ProductsController#index (for 127.0.0.1 at 2010-06-25 16:25:03) [GET]
  [4;36;1mProduct Load (5.8ms)[0m   [0;1mSELECT * FROM `products` [0m
Rendering template within layouts/products
Rendering products/index
  [4;35;1mProduct Columns (1.2ms)[0m   [0mSHOW FIELDS FROM `products`[0m
Completed in 35ms (View: 7, DB: 7) | 200 OK [http://localhost/products]
  [4;36;1mSQL (0.2ms)[0m   [0;1mSET NAMES 'utf8'[0m
  [4;35;1mSQL (0.1ms)[0m   [0mSET SQL_AUTO_IS_NULL=0[0m


Processing ProductsController#index (for 127.0.0.1 at 2010-06-25 16:52:19) [GET]
  [4;36;1mProduct Load (0.7ms)[0m   [0;1mSELECT * FROM `products` [0m
Rendering template within layouts/products
Rendering products/index
  [4;35;1mProduct Columns (1.0ms)[0m   [0mSHOW FIELDS FROM `products`[0m
Completed in 71ms (View: 15, DB: 2) | 200 OK [http://localhost/products]
  [4;36;1mSQL (0.2ms)[0m   [0;1mSET NAMES 'utf8'[0m
  [4;35;1mSQL (0.1ms)[0m   [0mSET SQL_AUTO_IS_NULL=0[0m


Processing ProductsController#index (for 127.0.0.1 at 2010-06-25 17:06:17) [GET]
  [4;36;1mProduct Load (0.5ms)[0m   [0;1mSELECT * FROM `products` [0m
Rendering template within layouts/products
Rendering products/index
  [4;35;1mProduct Columns (8.0ms)[0m   [0mSHOW FIELDS FROM `products`[0m
Completed in 49ms (View: 8, DB: 9) | 200 OK [http://localhost/products]
  [4;36;1mSQL (0.1ms)[0m   [0;1mSET NAMES 'utf8'[0m
  [4;35;1mSQL (0.1ms)[0m   [0mSET SQL_AUTO_IS_NULL=0[0m


Processing ProductsController#new (for 127.0.0.1 at 2010-06-25 17:06:21) [GET]
  [4;36;1mProduct Columns (1.6ms)[0m   [0;1mSHOW FIELDS FROM `products`[0m
Rendering template within layouts/products
Rendering products/new
Completed in 22ms (View: 14, DB: 2) | 200 OK [http://localhost/products/new]
  [4;35;1mSQL (0.2ms)[0m   [0mSET NAMES 'utf8'[0m
  [4;36;1mSQL (0.1ms)[0m   [0;1mSET SQL_AUTO_IS_NULL=0[0m


Processing ProductsController#create (for 127.0.0.1 at 2010-06-25 17:06:41) [POST]
  Parameters: {"commit"=>"Create", "authenticity_token"=>"h7JzGRMlGzvrCjGvQ4hU8Q+qUcwKDbPHIMyI1eD2yWM=", "product"=>{"price"=>"0.2", "image_url"=>"\\test.jpg", "title"=>"test", "description"=>"test"}}
  [4;35;1mProduct Columns (20.2ms)[0m   [0mSHOW FIELDS FROM `products`[0m
  [4;36;1mSQL (0.4ms)[0m   [0;1mBEGIN[0m
  [4;35;1mProduct Load (0.6ms)[0m   [0mSELECT `products`.id FROM `products` WHERE (`products`.`title` = BINARY 'test') LIMIT 1[0m
  [4;36;1mProduct Create (0.5ms)[0m   [0;1mINSERT INTO `products` (`price`, `created_at`, `title`, `image_url`, `updated_at`, `description`) VALUES(0.2, '2010-06-25 11:36:41', 'test', '\\test.jpg', '2010-06-25 11:36:41', 'test')[0m
  [4;35;1mSQL (4.7ms)[0m   [0mCOMMIT[0m
Redirected to http://localhost:3000/products/11
Completed in 47ms (DB: 27) | 302 Found [http://localhost/products]
  [4;36;1mSQL (0.1ms)[0m   [0;1mSET NAMES 'utf8'[0m
  [4;35;1mSQL (0.1ms)[0m   [0mSET SQL_AUTO_IS_NULL=0[0m


Processing ProductsController#show (for 127.0.0.1 at 2010-06-25 17:06:41) [GET]
  Parameters: {"id"=>"11"}
  [4;36;1mProduct Columns (1.5ms)[0m   [0;1mSHOW FIELDS FROM `products`[0m
  [4;35;1mProduct Load (0.3ms)[0m   [0mSELECT * FROM `products` WHERE (`products`.`id` = 11) [0m
Rendering template within layouts/products
Rendering products/show
Completed in 19ms (View: 9, DB: 2) | 200 OK [http://localhost/products/11]
  [4;36;1mSQL (0.1ms)[0m   [0;1mSET NAMES 'utf8'[0m
  [4;35;1mSQL (0.1ms)[0m   [0mSET SQL_AUTO_IS_NULL=0[0m


Processing ProductsController#index (for 127.0.0.1 at 2010-06-25 17:06:43) [GET]
  [4;36;1mProduct Load (16.1ms)[0m   [0;1mSELECT * FROM `products` [0m
Rendering template within layouts/products
Rendering products/index
  [4;35;1mProduct Columns (4.4ms)[0m   [0mSHOW FIELDS FROM `products`[0m
Completed in 55ms (View: 28, DB: 21) | 200 OK [http://localhost/products]
  [4;36;1mSQL (6.2ms)[0m   [0;1mSET NAMES 'utf8'[0m
  [4;35;1mSQL (3.8ms)[0m   [0mSET SQL_AUTO_IS_NULL=0[0m
  [4;36;1mSQL (7.1ms)[0m   [0;1mSHOW TABLES[0m
  [4;35;1mSQL (15.8ms)[0m   [0mSELECT version FROM schema_migrations[0m
Migrating to AddPriceToProduct (20100622131607)
Migrating to AddTestData (20100626024111)
  [4;36;1mProduct Delete all (10.4ms)[0m   [0;1mDELETE FROM `products` [0m
  [4;35;1mProduct Columns (5.7ms)[0m   [0mSHOW FIELDS FROM `products`[0m
  [4;36;1mSQL (0.1ms)[0m   [0;1mBEGIN[0m
  [4;35;1mProduct Load (80.2ms)[0m   [0mSELECT `products`.id FROM `products` WHERE (`products`.`title` = BINARY 'Pragmatic Project Automation') LIMIT 1[0m
  [4;36;1mProduct Create (1.5ms)[0m   [0;1mINSERT INTO `products` (`price`, `created_at`, `title`, `image_url`, `updated_at`, `description`) VALUES(29.95, '2010-06-26 02:43:25', 'Pragmatic Project Automation', '/images/auto.jpg', '2010-06-26 02:43:25', '<p>\n <em>Pragmatic Project Automation</em> shows you how to improve the \n consistency and repeatability of your project\'s procedures using \n automation to reduce risk and errors.\n </p>\n <p>\n Simply put, we\'re going to put this thing called a computer to work \n for you doing the mundane (but important) project stuff. That means \n you\'ll have more time and energy to do the really \n exciting---and difficult---stuff, like writing quality code.\n </p>')[0m
  [4;35;1mSQL (0.9ms)[0m   [0mCOMMIT[0m
  [4;36;1mSQL (0.1ms)[0m   [0;1mBEGIN[0m
  [4;35;1mProduct Load (0.3ms)[0m   [0mSELECT `products`.id FROM `products` WHERE (`products`.`title` = BINARY 'Pragmatic Version Control') LIMIT 1[0m
  [4;36;1mProduct Create (0.2ms)[0m   [0;1mINSERT INTO `products` (`price`, `created_at`, `title`, `image_url`, `updated_at`, `description`) VALUES(28.5, '2010-06-26 02:43:25', 'Pragmatic Version Control', '/images/svn.jpg', '2010-06-26 02:43:25', '<p>\n This book is a recipe-based approach to using Subversion that will \n get you up and running quickly---and correctly. All projects need\n version control: it\'s a foundational piece of any project\'s \n infrastructure. Yet half of all project teams in the U.S. don\'t use\n any version control at all. Many others don\'t use it well, and end \n up experiencing time-consuming problems.\n </p>')[0m
  [4;35;1mSQL (0.4ms)[0m   [0mCOMMIT[0m
  [4;36;1mSQL (0.0ms)[0m   [0;1mBEGIN[0m
  [4;35;1mProduct Load (0.2ms)[0m   [0mSELECT `products`.id FROM `products` WHERE (`products`.`title` = BINARY 'Pragmatic Unit Testing (C#)') LIMIT 1[0m
  [4;36;1mProduct Create (0.6ms)[0m   [0;1mINSERT INTO `products` (`price`, `created_at`, `title`, `image_url`, `updated_at`, `description`) VALUES(27.75, '2010-06-26 02:43:25', 'Pragmatic Unit Testing (C#)', '/images/utc.jpg', '2010-06-26 02:43:25', '<p>\n Pragmatic programmers use feedback to drive their development and \n personal processes. The most valuable feedback you can get while \n coding comes from unit testing.\n </p>\n <p>\n Without good tests in place, coding can become a frustrating game of \n \"whack-a-mole.\" That\'s the carnival game where the player strikes at a \n mechanical mole; it retreats and another mole pops up on the opposite side \n of the field. The moles pop up and down so fast that you end up flailing \n your mallet helplessly as the moles continue to pop up where you least \n expect them.\n </p>')[0m
  [4;35;1mSQL (0.5ms)[0m   [0mCOMMIT[0m
  [4;36;1mSQL (5.7ms)[0m   [0;1mINSERT INTO schema_migrations (version) VALUES ('20100626024111')[0m
  [4;35;1mSQL (0.5ms)[0m   [0mSHOW TABLES[0m
  [4;36;1mSQL (0.4ms)[0m   [0;1mSELECT version FROM schema_migrations[0m
  [4;35;1mSQL (0.3ms)[0m   [0mSHOW TABLES[0m
  [4;36;1mSQL (0.6ms)[0m   [0;1mSHOW FIELDS FROM `products`[0m
  [4;35;1mSQL (1.0ms)[0m   [0mdescribe `products`[0m
  [4;36;1mSQL (1.1ms)[0m   [0;1mSHOW KEYS FROM `products`[0m
  [4;36;1mSQL (0.3ms)[0m   [0;1mSET NAMES 'utf8'[0m
  [4;35;1mSQL (0.1ms)[0m   [0mSET SQL_AUTO_IS_NULL=0[0m


Processing ProductsController#index (for 127.0.0.1 at 2010-06-26 08:18:57) [GET]
  [4;36;1mProduct Load (0.6ms)[0m   [0;1mSELECT * FROM `products` [0m
Rendering template within layouts/products
Rendering products/index
  [4;35;1mProduct Columns (1.0ms)[0m   [0mSHOW FIELDS FROM `products`[0m
Completed in 106ms (View: 97, DB: 2) | 200 OK [http://localhost/products]
  [4;36;1mSQL (0.1ms)[0m   [0;1mSET NAMES 'utf8'[0m
  [4;35;1mSQL (0.6ms)[0m   [0mSET SQL_AUTO_IS_NULL=0[0m


Processing ApplicationController#index (for 127.0.0.1 at 2010-06-26 08:18:57) [GET]

ActionController::RoutingError (No route matches "/images/auto.jpg" with {:method=>:get}):
  /usr/lib/ruby/1.8/webrick/httpserver.rb:104:in `service'
  /usr/lib/ruby/1.8/webrick/httpserver.rb:65:in `run'
  /usr/lib/ruby/1.8/webrick/server.rb:173:in `start_thread'
  /usr/lib/ruby/1.8/webrick/server.rb:162:in `start'
  /usr/lib/ruby/1.8/webrick/server.rb:162:in `start_thread'
  /usr/lib/ruby/1.8/webrick/server.rb:95:in `start'
  /usr/lib/ruby/1.8/webrick/server.rb:92:in `each'
  /usr/lib/ruby/1.8/webrick/server.rb:92:in `start'
  /usr/lib/ruby/1.8/webrick/server.rb:23:in `start'
  /usr/lib/ruby/1.8/webrick/server.rb:82:in `start'

Rendering rescues/layout (not_found)
  [4;36;1mSQL (0.2ms)[0m   [0;1mSET NAMES 'utf8'[0m
  [4;35;1mSQL (0.1ms)[0m   [0mSET SQL_AUTO_IS_NULL=0[0m


Processing ApplicationController#index (for 127.0.0.1 at 2010-06-26 08:18:57) [GET]

ActionController::RoutingError (No route matches "/images/svn.jpg" with {:method=>:get}):
  /usr/lib/ruby/1.8/webrick/httpserver.rb:104:in `service'
  /usr/lib/ruby/1.8/webrick/httpserver.rb:65:in `run'
  /usr/lib/ruby/1.8/webrick/server.rb:173:in `start_thread'
  /usr/lib/ruby/1.8/webrick/server.rb:162:in `start'
  /usr/lib/ruby/1.8/webrick/server.rb:162:in `start_thread'
  /usr/lib/ruby/1.8/webrick/server.rb:95:in `start'
  /usr/lib/ruby/1.8/webrick/server.rb:92:in `each'
  /usr/lib/ruby/1.8/webrick/server.rb:92:in `start'
  /usr/lib/ruby/1.8/webrick/server.rb:23:in `start'
  /usr/lib/ruby/1.8/webrick/server.rb:82:in `start'

Rendering rescues/layout (not_found)
  [4;36;1mSQL (0.1ms)[0m   [0;1mSET NAMES 'utf8'[0m
  [4;35;1mSQL (2.6ms)[0m   [0mSET SQL_AUTO_IS_NULL=0[0m


Processing ApplicationController#index (for 127.0.0.1 at 2010-06-26 08:18:57) [GET]

ActionController::RoutingError (No route matches "/images/utc.jpg" with {:method=>:get}):
  /usr/lib/ruby/1.8/webrick/httpserver.rb:104:in `service'
  /usr/lib/ruby/1.8/webrick/httpserver.rb:65:in `run'
  /usr/lib/ruby/1.8/webrick/server.rb:173:in `start_thread'
  /usr/lib/ruby/1.8/webrick/server.rb:162:in `start'
  /usr/lib/ruby/1.8/webrick/server.rb:162:in `start_thread'
  /usr/lib/ruby/1.8/webrick/server.rb:95:in `start'
  /usr/lib/ruby/1.8/webrick/server.rb:92:in `each'
  /usr/lib/ruby/1.8/webrick/server.rb:92:in `start'
  /usr/lib/ruby/1.8/webrick/server.rb:23:in `start'
  /usr/lib/ruby/1.8/webrick/server.rb:82:in `start'

Rendering rescues/layout (not_found)
  [4;36;1mSQL (0.6ms)[0m   [0;1mSET NAMES 'utf8'[0m
  [4;35;1mSQL (0.7ms)[0m   [0mSET SQL_AUTO_IS_NULL=0[0m


Processing ProductsController#index (for 127.0.0.1 at 2010-06-26 08:22:53) [GET]
  [4;36;1mProduct Load (0.6ms)[0m   [0;1mSELECT * FROM `products` [0m
Rendering template within layouts/products
Rendering products/index
  [4;35;1mProduct Columns (0.9ms)[0m   [0mSHOW FIELDS FROM `products`[0m
Completed in 51ms (View: 43, DB: 3) | 200 OK [http://localhost/products]
  [4;36;1mSQL (0.2ms)[0m   [0;1mSET NAMES 'utf8'[0m
  [4;35;1mSQL (0.2ms)[0m   [0mSET SQL_AUTO_IS_NULL=0[0m


Processing ApplicationController#index (for 127.0.0.1 at 2010-06-26 08:22:53) [GET]

ActionController::RoutingError (No route matches "/stylesheets/scaffolddepot.css" with {:method=>:get}):
  /usr/lib/ruby/1.8/webrick/httpserver.rb:104:in `service'
  /usr/lib/ruby/1.8/webrick/httpserver.rb:65:in `run'
  /usr/lib/ruby/1.8/webrick/server.rb:173:in `start_thread'
  /usr/lib/ruby/1.8/webrick/server.rb:162:in `start'
  /usr/lib/ruby/1.8/webrick/server.rb:162:in `start_thread'
  /usr/lib/ruby/1.8/webrick/server.rb:95:in `start'
  /usr/lib/ruby/1.8/webrick/server.rb:92:in `each'
  /usr/lib/ruby/1.8/webrick/server.rb:92:in `start'
  /usr/lib/ruby/1.8/webrick/server.rb:23:in `start'
  /usr/lib/ruby/1.8/webrick/server.rb:82:in `start'

Rendering rescues/layout (not_found)
  [4;36;1mSQL (0.1ms)[0m   [0;1mSET NAMES 'utf8'[0m
  [4;35;1mSQL (0.1ms)[0m   [0mSET SQL_AUTO_IS_NULL=0[0m


Processing ProductsController#index (for 127.0.0.1 at 2010-06-26 08:22:55) [GET]
  [4;36;1mProduct Load (1.8ms)[0m   [0;1mSELECT * FROM `products` [0m
Rendering template within layouts/products
Rendering products/index
  [4;35;1mProduct Columns (0.9ms)[0m   [0mSHOW FIELDS FROM `products`[0m
Completed in 30ms (View: 20, DB: 3) | 200 OK [http://localhost/products]
  [4;36;1mSQL (0.6ms)[0m   [0;1mSET NAMES 'utf8'[0m
  [4;35;1mSQL (0.2ms)[0m   [0mSET SQL_AUTO_IS_NULL=0[0m


Processing ApplicationController#index (for 127.0.0.1 at 2010-06-26 08:22:55) [GET]

ActionController::RoutingError (No route matches "/stylesheets/scaffolddepot.css" with {:method=>:get}):
  /usr/lib/ruby/1.8/webrick/httpserver.rb:104:in `service'
  /usr/lib/ruby/1.8/webrick/httpserver.rb:65:in `run'
  /usr/lib/ruby/1.8/webrick/server.rb:173:in `start_thread'
  /usr/lib/ruby/1.8/webrick/server.rb:162:in `start'
  /usr/lib/ruby/1.8/webrick/server.rb:162:in `start_thread'
  /usr/lib/ruby/1.8/webrick/server.rb:95:in `start'
  /usr/lib/ruby/1.8/webrick/server.rb:92:in `each'
  /usr/lib/ruby/1.8/webrick/server.rb:92:in `start'
  /usr/lib/ruby/1.8/webrick/server.rb:23:in `start'
  /usr/lib/ruby/1.8/webrick/server.rb:82:in `start'

Rendering rescues/layout (not_found)
  [4;36;1mSQL (0.1ms)[0m   [0;1mSET NAMES 'utf8'[0m
  [4;35;1mSQL (0.1ms)[0m   [0mSET SQL_AUTO_IS_NULL=0[0m


Processing ProductsController#index (for 127.0.0.1 at 2010-06-26 08:22:55) [GET]
  [4;36;1mProduct Load (1.7ms)[0m   [0;1mSELECT * FROM `products` [0m
Rendering template within layouts/products
Rendering products/index
  [4;35;1mProduct Columns (7.1ms)[0m   [0mSHOW FIELDS FROM `products`[0m
Completed in 41ms (View: 15, DB: 9) | 200 OK [http://localhost/products]
  [4;36;1mSQL (2.7ms)[0m   [0;1mSET NAMES 'utf8'[0m
  [4;35;1mSQL (0.2ms)[0m   [0mSET SQL_AUTO_IS_NULL=0[0m


Processing ApplicationController#index (for 127.0.0.1 at 2010-06-26 08:22:55) [GET]

ActionController::RoutingError (No route matches "/stylesheets/scaffolddepot.css" with {:method=>:get}):
  /usr/lib/ruby/1.8/webrick/httpserver.rb:104:in `service'
  /usr/lib/ruby/1.8/webrick/httpserver.rb:65:in `run'
  /usr/lib/ruby/1.8/webrick/server.rb:173:in `start_thread'
  /usr/lib/ruby/1.8/webrick/server.rb:162:in `start'
  /usr/lib/ruby/1.8/webrick/server.rb:162:in `start_thread'
  /usr/lib/ruby/1.8/webrick/server.rb:95:in `start'
  /usr/lib/ruby/1.8/webrick/server.rb:92:in `each'
  /usr/lib/ruby/1.8/webrick/server.rb:92:in `start'
  /usr/lib/ruby/1.8/webrick/server.rb:23:in `start'
  /usr/lib/ruby/1.8/webrick/server.rb:82:in `start'

Rendering rescues/layout (not_found)
  [4;36;1mSQL (0.1ms)[0m   [0;1mSET NAMES 'utf8'[0m
  [4;35;1mSQL (0.1ms)[0m   [0mSET SQL_AUTO_IS_NULL=0[0m


Processing ProductsController#index (for 127.0.0.1 at 2010-06-26 08:22:55) [GET]
  [4;36;1mProduct Load (5.1ms)[0m   [0;1mSELECT * FROM `products` [0m
Rendering template within layouts/products
Rendering products/index
  [4;35;1mProduct Columns (1.0ms)[0m   [0mSHOW FIELDS FROM `products`[0m
Completed in 40ms (View: 30, DB: 6) | 200 OK [http://localhost/products]
  [4;36;1mSQL (0.1ms)[0m   [0;1mSET NAMES 'utf8'[0m
  [4;35;1mSQL (0.2ms)[0m   [0mSET SQL_AUTO_IS_NULL=0[0m


Processing ApplicationController#index (for 127.0.0.1 at 2010-06-26 08:22:55) [GET]

ActionController::RoutingError (No route matches "/stylesheets/scaffolddepot.css" with {:method=>:get}):
  /usr/lib/ruby/1.8/webrick/httpserver.rb:104:in `service'
  /usr/lib/ruby/1.8/webrick/httpserver.rb:65:in `run'
  /usr/lib/ruby/1.8/webrick/server.rb:173:in `start_thread'
  /usr/lib/ruby/1.8/webrick/server.rb:162:in `start'
  /usr/lib/ruby/1.8/webrick/server.rb:162:in `start_thread'
  /usr/lib/ruby/1.8/webrick/server.rb:95:in `start'
  /usr/lib/ruby/1.8/webrick/server.rb:92:in `each'
  /usr/lib/ruby/1.8/webrick/server.rb:92:in `start'
  /usr/lib/ruby/1.8/webrick/server.rb:23:in `start'
  /usr/lib/ruby/1.8/webrick/server.rb:82:in `start'

Rendering rescues/layout (not_found)
  [4;36;1mSQL (0.5ms)[0m   [0;1mSET NAMES 'utf8'[0m
  [4;35;1mSQL (0.1ms)[0m   [0mSET SQL_AUTO_IS_NULL=0[0m


Processing ProductsController#index (for 127.0.0.1 at 2010-06-26 08:23:42) [GET]
  [4;36;1mProduct Load (1.1ms)[0m   [0;1mSELECT * FROM `products` [0m
Rendering template within layouts/products
Rendering products/index
  [4;35;1mProduct Columns (1.0ms)[0m   [0mSHOW FIELDS FROM `products`[0m
Completed in 57ms (View: 46, DB: 3) | 200 OK [http://localhost/products]
  [4;36;1mSQL (0.5ms)[0m   [0;1mSET NAMES 'utf8'[0m
  [4;35;1mSQL (0.2ms)[0m   [0mSET SQL_AUTO_IS_NULL=0[0m


Processing StoreController#index (for 127.0.0.1 at 2010-06-26 12:14:25) [GET]
Rendering store/index
Completed in 21ms (View: 19, DB: 1) | 200 OK [http://localhost/store]
  [4;36;1mSQL (0.6ms)[0m   [0;1mSET NAMES 'utf8'[0m
  [4;35;1mSQL (0.3ms)[0m   [0mSET SQL_AUTO_IS_NULL=0[0m


Processing StoreController#index (for 127.0.0.1 at 2010-06-26 12:47:51) [GET]
  [4;36;1mSQL (13.3ms)[0m   [0;1mSHOW TABLES[0m
  [4;35;1mProduct Columns (1.8ms)[0m   [0mSHOW FIELDS FROM `products`[0m

NoMethodError (undefined method `find_products_for_sale' for #<Class:0xb6fc8210>):
  app/controllers/store_controller.rb:3:in `index'
  /usr/lib/ruby/1.8/webrick/httpserver.rb:104:in `service'
  /usr/lib/ruby/1.8/webrick/httpserver.rb:65:in `run'
  /usr/lib/ruby/1.8/webrick/server.rb:173:in `start_thread'
  /usr/lib/ruby/1.8/webrick/server.rb:162:in `start'
  /usr/lib/ruby/1.8/webrick/server.rb:162:in `start_thread'
  /usr/lib/ruby/1.8/webrick/server.rb:95:in `start'
  /usr/lib/ruby/1.8/webrick/server.rb:92:in `each'
  /usr/lib/ruby/1.8/webrick/server.rb:92:in `start'
  /usr/lib/ruby/1.8/webrick/server.rb:23:in `start'
  /usr/lib/ruby/1.8/webrick/server.rb:82:in `start'

Rendered rescues/_trace (53.3ms)
Rendered rescues/_request_and_response (3.1ms)
Rendering rescues/layout (internal_server_error)
  [4;36;1mSQL (0.6ms)[0m   [0;1mSET NAMES 'utf8'[0m
  [4;35;1mSQL (1.2ms)[0m   [0mSET SQL_AUTO_IS_NULL=0[0m


Processing StoreController#index (for 127.0.0.1 at 2010-06-26 12:50:25) [GET]
  [4;36;1mProduct Load (6.6ms)[0m   [0;1mSELECT * FROM `products` ORDER BY title[0m
Rendering store/index
  [4;35;1mProduct Columns (1.1ms)[0m   [0mSHOW FIELDS FROM `products`[0m
Completed in 33ms (View: 19, DB: 9) | 200 OK [http://localhost/store]
  [4;36;1mSQL (0.3ms)[0m   [0;1mSET NAMES 'utf8'[0m
  [4;35;1mSQL (3.1ms)[0m   [0mSET SQL_AUTO_IS_NULL=0[0m


Processing StoreController#index (for 127.0.0.1 at 2010-06-26 13:25:07) [GET]
  [4;36;1mProduct Load (0.3ms)[0m   [0;1mSELECT * FROM `products` ORDER BY title[0m
Rendering template within layouts/store
Rendering store/index
  [4;35;1mProduct Columns (2.6ms)[0m   [0mSHOW FIELDS FROM `products`[0m
Completed in 52ms (View: 44, DB: 6) | 200 OK [http://localhost/store]
  [4;36;1mSQL (0.2ms)[0m   [0;1mSET NAMES 'utf8'[0m
  [4;35;1mSQL (0.2ms)[0m   [0mSET SQL_AUTO_IS_NULL=0[0m


Processing ApplicationController#index (for 127.0.0.1 at 2010-06-26 13:25:07) [GET]

ActionController::RoutingError (No route matches "/images/logo.png" with {:method=>:get}):
  /usr/lib/ruby/1.8/webrick/httpserver.rb:104:in `service'
  /usr/lib/ruby/1.8/webrick/httpserver.rb:65:in `run'
  /usr/lib/ruby/1.8/webrick/server.rb:173:in `start_thread'
  /usr/lib/ruby/1.8/webrick/server.rb:162:in `start'
  /usr/lib/ruby/1.8/webrick/server.rb:162:in `start_thread'
  /usr/lib/ruby/1.8/webrick/server.rb:95:in `start'
  /usr/lib/ruby/1.8/webrick/server.rb:92:in `each'
  /usr/lib/ruby/1.8/webrick/server.rb:92:in `start'
  /usr/lib/ruby/1.8/webrick/server.rb:23:in `start'
  /usr/lib/ruby/1.8/webrick/server.rb:82:in `start'

Rendering rescues/layout (not_found)
  [4;36;1mSQL (2.0ms)[0m   [0;1mSET NAMES 'utf8'[0m
  [4;35;1mSQL (0.3ms)[0m   [0mSET SQL_AUTO_IS_NULL=0[0m


Processing StoreController#index (for 127.0.0.1 at 2010-06-26 13:34:03) [GET]
  [4;36;1mProduct Load (4.6ms)[0m   [0;1mSELECT * FROM `products` ORDER BY title[0m
Rendering template within layouts/store
Rendering store/index
  [4;35;1mProduct Columns (2.3ms)[0m   [0mSHOW FIELDS FROM `products`[0m
Completed in 52ms (View: 41, DB: 9) | 200 OK [http://localhost/store]
  [4;36;1mSQL (0.2ms)[0m   [0;1mSET NAMES 'utf8'[0m
  [4;35;1mSQL (0.2ms)[0m   [0mSET SQL_AUTO_IS_NULL=0[0m


Processing ApplicationController#index (for 127.0.0.1 at 2010-06-26 13:34:03) [GET]

ActionController::RoutingError (No route matches "/images/logo.png" with {:method=>:get}):
  /usr/lib/ruby/1.8/webrick/httpserver.rb:104:in `service'
  /usr/lib/ruby/1.8/webrick/httpserver.rb:65:in `run'
  /usr/lib/ruby/1.8/webrick/server.rb:173:in `start_thread'
  /usr/lib/ruby/1.8/webrick/server.rb:162:in `start'
  /usr/lib/ruby/1.8/webrick/server.rb:162:in `start_thread'
  /usr/lib/ruby/1.8/webrick/server.rb:95:in `start'
  /usr/lib/ruby/1.8/webrick/server.rb:92:in `each'
  /usr/lib/ruby/1.8/webrick/server.rb:92:in `start'
  /usr/lib/ruby/1.8/webrick/server.rb:23:in `start'
  /usr/lib/ruby/1.8/webrick/server.rb:82:in `start'

Rendering rescues/layout (not_found)
  [4;36;1mSQL (0.1ms)[0m   [0;1mSET NAMES 'utf8'[0m
  [4;35;1mSQL (1.1ms)[0m   [0mSET SQL_AUTO_IS_NULL=0[0m


Processing StoreController#index (for 127.0.0.1 at 2010-06-26 13:34:18) [POST]
  Parameters: {"authenticity_token"=>"YzDMWoo3eADw+r7V0mEQbUJiaxQoPtjK1KyBPzD5FhM="}
  [4;36;1mProduct Load (2.3ms)[0m   [0;1mSELECT * FROM `products` ORDER BY title[0m
Rendering template within layouts/store
Rendering store/index
  [4;35;1mProduct Columns (0.8ms)[0m   [0mSHOW FIELDS FROM `products`[0m
Completed in 92ms (View: 11, DB: 4) | 200 OK [http://localhost/store]
  [4;36;1mSQL (0.1ms)[0m   [0;1mSET NAMES 'utf8'[0m
  [4;35;1mSQL (5.3ms)[0m   [0mSET SQL_AUTO_IS_NULL=0[0m


Processing ApplicationController#index (for 127.0.0.1 at 2010-06-26 13:34:18) [GET]

ActionController::RoutingError (No route matches "/images/logo.png" with {:method=>:get}):
  /usr/lib/ruby/1.8/webrick/httpserver.rb:104:in `service'
  /usr/lib/ruby/1.8/webrick/httpserver.rb:65:in `run'
  /usr/lib/ruby/1.8/webrick/server.rb:173:in `start_thread'
  /usr/lib/ruby/1.8/webrick/server.rb:162:in `start'
  /usr/lib/ruby/1.8/webrick/server.rb:162:in `start_thread'
  /usr/lib/ruby/1.8/webrick/server.rb:95:in `start'
  /usr/lib/ruby/1.8/webrick/server.rb:92:in `each'
  /usr/lib/ruby/1.8/webrick/server.rb:92:in `start'
  /usr/lib/ruby/1.8/webrick/server.rb:23:in `start'
  /usr/lib/ruby/1.8/webrick/server.rb:82:in `start'

Rendering rescues/layout (not_found)
  [4;36;1mSQL (0.1ms)[0m   [0;1mSET NAMES 'utf8'[0m
  [4;35;1mSQL (0.1ms)[0m   [0mSET SQL_AUTO_IS_NULL=0[0m


Processing StoreController#index (for 127.0.0.1 at 2010-06-26 13:34:21) [POST]
  Parameters: {"authenticity_token"=>"YzDMWoo3eADw+r7V0mEQbUJiaxQoPtjK1KyBPzD5FhM="}
  [4;36;1mProduct Load (22.8ms)[0m   [0;1mSELECT * FROM `products` ORDER BY title[0m
Rendering template within layouts/store
Rendering store/index
  [4;35;1mProduct Columns (2.2ms)[0m   [0mSHOW FIELDS FROM `products`[0m
Completed in 42ms (View: 11, DB: 25) | 200 OK [http://localhost/store]
  [4;36;1mSQL (0.1ms)[0m   [0;1mSET NAMES 'utf8'[0m
  [4;35;1mSQL (0.1ms)[0m   [0mSET SQL_AUTO_IS_NULL=0[0m


Processing ApplicationController#index (for 127.0.0.1 at 2010-06-26 13:34:21) [GET]

ActionController::RoutingError (No route matches "/images/logo.png" with {:method=>:get}):
  /usr/lib/ruby/1.8/webrick/httpserver.rb:104:in `service'
  /usr/lib/ruby/1.8/webrick/httpserver.rb:65:in `run'
  /usr/lib/ruby/1.8/webrick/server.rb:173:in `start_thread'
  /usr/lib/ruby/1.8/webrick/server.rb:162:in `start'
  /usr/lib/ruby/1.8/webrick/server.rb:162:in `start_thread'
  /usr/lib/ruby/1.8/webrick/server.rb:95:in `start'
  /usr/lib/ruby/1.8/webrick/server.rb:92:in `each'
  /usr/lib/ruby/1.8/webrick/server.rb:92:in `start'
  /usr/lib/ruby/1.8/webrick/server.rb:23:in `start'
  /usr/lib/ruby/1.8/webrick/server.rb:82:in `start'

Rendering rescues/layout (not_found)
  [4;36;1mSQL (0.1ms)[0m   [0;1mSET NAMES 'utf8'[0m
  [4;35;1mSQL (0.7ms)[0m   [0mSET SQL_AUTO_IS_NULL=0[0m


Processing StoreController#index (for 127.0.0.1 at 2010-06-26 13:34:23) [POST]
  Parameters: {"authenticity_token"=>"YzDMWoo3eADw+r7V0mEQbUJiaxQoPtjK1KyBPzD5FhM="}
  [4;36;1mProduct Load (0.2ms)[0m   [0;1mSELECT * FROM `products` ORDER BY title[0m
Rendering template within layouts/store
Rendering store/index
  [4;35;1mProduct Columns (0.9ms)[0m   [0mSHOW FIELDS FROM `products`[0m
Completed in 25ms (View: 11, DB: 2) | 200 OK [http://localhost/store]
  [4;36;1mSQL (0.1ms)[0m   [0;1mSET NAMES 'utf8'[0m
  [4;35;1mSQL (0.1ms)[0m   [0mSET SQL_AUTO_IS_NULL=0[0m


Processing ApplicationController#index (for 127.0.0.1 at 2010-06-26 13:34:23) [GET]

ActionController::RoutingError (No route matches "/images/logo.png" with {:method=>:get}):
  /usr/lib/ruby/1.8/webrick/httpserver.rb:104:in `service'
  /usr/lib/ruby/1.8/webrick/httpserver.rb:65:in `run'
  /usr/lib/ruby/1.8/webrick/server.rb:173:in `start_thread'
  /usr/lib/ruby/1.8/webrick/server.rb:162:in `start'
  /usr/lib/ruby/1.8/webrick/server.rb:162:in `start_thread'
  /usr/lib/ruby/1.8/webrick/server.rb:95:in `start'
  /usr/lib/ruby/1.8/webrick/server.rb:92:in `each'
  /usr/lib/ruby/1.8/webrick/server.rb:92:in `start'
  /usr/lib/ruby/1.8/webrick/server.rb:23:in `start'
  /usr/lib/ruby/1.8/webrick/server.rb:82:in `start'

Rendering rescues/layout (not_found)
  [4;36;1mSQL (0.2ms)[0m   [0;1mSET NAMES 'utf8'[0m
  [4;35;1mSQL (0.1ms)[0m   [0mSET SQL_AUTO_IS_NULL=0[0m


Processing StoreController#index (for 127.0.0.1 at 2010-06-26 14:06:56) [POST]
  Parameters: {"authenticity_token"=>"YzDMWoo3eADw+r7V0mEQbUJiaxQoPtjK1KyBPzD5FhM="}
  [4;36;1mProduct Load (1.5ms)[0m   [0;1mSELECT * FROM `products` ORDER BY title[0m
Rendering template within layouts/store
Rendering store/index
  [4;35;1mProduct Columns (1.0ms)[0m   [0mSHOW FIELDS FROM `products`[0m
Completed in 22ms (View: 11, DB: 3) | 200 OK [http://localhost/store]
  [4;36;1mSQL (1.3ms)[0m   [0;1mSET NAMES 'utf8'[0m
  [4;35;1mSQL (14.4ms)[0m   [0mSET SQL_AUTO_IS_NULL=0[0m


Processing ApplicationController#index (for 127.0.0.1 at 2010-06-26 14:06:56) [GET]

ActionController::RoutingError (No route matches "/images/logo.png" with {:method=>:get}):
  /usr/lib/ruby/1.8/webrick/httpserver.rb:104:in `service'
  /usr/lib/ruby/1.8/webrick/httpserver.rb:65:in `run'
  /usr/lib/ruby/1.8/webrick/server.rb:173:in `start_thread'
  /usr/lib/ruby/1.8/webrick/server.rb:162:in `start'
  /usr/lib/ruby/1.8/webrick/server.rb:162:in `start_thread'
  /usr/lib/ruby/1.8/webrick/server.rb:95:in `start'
  /usr/lib/ruby/1.8/webrick/server.rb:92:in `each'
  /usr/lib/ruby/1.8/webrick/server.rb:92:in `start'
  /usr/lib/ruby/1.8/webrick/server.rb:23:in `start'
  /usr/lib/ruby/1.8/webrick/server.rb:82:in `start'

Rendering rescues/layout (not_found)
  [4;36;1mSQL (0.3ms)[0m   [0;1mSET NAMES 'utf8'[0m
  [4;35;1mSQL (0.1ms)[0m   [0mSET SQL_AUTO_IS_NULL=0[0m
  [4;36;1mSQL (0.4ms)[0m   [0;1mSET NAMES 'utf8'[0m
  [4;35;1mSQL (0.6ms)[0m   [0mSET SQL_AUTO_IS_NULL=0[0m
  [4;36;1mSQL (0.8ms)[0m   [0;1mSHOW TABLES[0m
  [4;35;1mSQL (0.2ms)[0m   [0mSELECT version FROM schema_migrations[0m
Migrating to AddPriceToProduct (20100622131607)
Migrating to AddTestData (20100626024111)
Migrating to Test (20100626055832)
  [4;36;1mSQL (10.1ms)[0m   [0;1mINSERT INTO schema_migrations (version) VALUES ('20100626055832')[0m
Migrating to CreateSessions (20100626091511)
  [4;35;1mSQL (44.2ms)[0m   [0mCREATE TABLE `sessions` (`id` int(11) DEFAULT NULL auto_increment PRIMARY KEY, `session_id` varchar(255) NOT NULL, `data` text, `created_at` datetime, `updated_at` datetime) ENGINE=InnoDB[0m
  [4;36;1mSQL (1.5ms)[0m   [0;1mSHOW KEYS FROM `sessions`[0m
  [4;35;1mSQL (29.8ms)[0m   [0mCREATE INDEX `index_sessions_on_session_id` ON `sessions` (`session_id`)[0m
  [4;36;1mSQL (0.5ms)[0m   [0;1mSHOW KEYS FROM `sessions`[0m
  [4;35;1mSQL (4.9ms)[0m   [0mCREATE INDEX `index_sessions_on_updated_at` ON `sessions` (`updated_at`)[0m
  [4;36;1mSQL (0.9ms)[0m   [0;1mINSERT INTO schema_migrations (version) VALUES ('20100626091511')[0m
  [4;35;1mSQL (0.2ms)[0m   [0mSHOW TABLES[0m
  [4;36;1mSQL (0.3ms)[0m   [0;1mSELECT version FROM schema_migrations[0m
  [4;35;1mSQL (0.2ms)[0m   [0mSHOW TABLES[0m
  [4;36;1mSQL (0.8ms)[0m   [0;1mSHOW FIELDS FROM `products`[0m
  [4;35;1mSQL (0.7ms)[0m   [0mdescribe `products`[0m
  [4;36;1mSQL (0.3ms)[0m   [0;1mSHOW KEYS FROM `products`[0m
  [4;35;1mSQL (0.6ms)[0m   [0mSHOW FIELDS FROM `sessions`[0m
  [4;36;1mSQL (0.5ms)[0m   [0;1mdescribe `sessions`[0m
  [4;35;1mSQL (4.0ms)[0m   [0mSHOW KEYS FROM `sessions`[0m
DEPRECATION WARNING: Giving :session_key to SessionStore is deprecated, please use :key instead. (called from new at /usr/lib/ruby/gems/1.8/gems/actionpack-2.3.8/lib/action_controller/middleware_stack.rb:72)
  [4;36;1mSQL (0.4ms)[0m   [0;1mSET NAMES 'utf8'[0m
  [4;35;1mSQL (0.1ms)[0m   [0mSET SQL_AUTO_IS_NULL=0[0m
DEPRECATION WARNING: protect_from_forgery only takes :only and :except options now. :digest and :secret have no effect. (called from /root/work/depot/app/controllers/application_controller.rb:10)


Processing StoreController#index (for 127.0.0.1 at 2010-06-26 15:01:27) [POST]
  Parameters: {"authenticity_token"=>"YzDMWoo3eADw+r7V0mEQbUJiaxQoPtjK1KyBPzD5FhM="}

ActionController::InvalidAuthenticityToken (ActionController::InvalidAuthenticityToken):
  /usr/lib/ruby/1.8/webrick/httpserver.rb:104:in `service'
  /usr/lib/ruby/1.8/webrick/httpserver.rb:65:in `run'
  /usr/lib/ruby/1.8/webrick/server.rb:173:in `start_thread'
  /usr/lib/ruby/1.8/webrick/server.rb:162:in `start'
  /usr/lib/ruby/1.8/webrick/server.rb:162:in `start_thread'
  /usr/lib/ruby/1.8/webrick/server.rb:95:in `start'
  /usr/lib/ruby/1.8/webrick/server.rb:92:in `each'
  /usr/lib/ruby/1.8/webrick/server.rb:92:in `start'
  /usr/lib/ruby/1.8/webrick/server.rb:23:in `start'
  /usr/lib/ruby/1.8/webrick/server.rb:82:in `start'

Rendered rescues/_trace (60.5ms)
Rendered rescues/_request_and_response (2.7ms)
Rendering rescues/layout (unprocessable_entity)
DEPRECATION WARNING: Giving :session_key to SessionStore is deprecated, please use :key instead. (called from new at /usr/lib/ruby/gems/1.8/gems/actionpack-2.3.8/lib/action_controller/middleware_stack.rb:72)
  [4;36;1mSQL (0.3ms)[0m   [0;1mSET NAMES 'utf8'[0m
  [4;35;1mSQL (0.7ms)[0m   [0mSET SQL_AUTO_IS_NULL=0[0m


Processing StoreController#index (for 127.0.0.1 at 2010-06-26 15:02:11) [POST]
  Parameters: {"authenticity_token"=>"YzDMWoo3eADw+r7V0mEQbUJiaxQoPtjK1KyBPzD5FhM="}

ActionController::InvalidAuthenticityToken (ActionController::InvalidAuthenticityToken):
  /usr/lib/ruby/1.8/webrick/httpserver.rb:104:in `service'
  /usr/lib/ruby/1.8/webrick/httpserver.rb:65:in `run'
  /usr/lib/ruby/1.8/webrick/server.rb:173:in `start_thread'
  /usr/lib/ruby/1.8/webrick/server.rb:162:in `start'
  /usr/lib/ruby/1.8/webrick/server.rb:162:in `start_thread'
  /usr/lib/ruby/1.8/webrick/server.rb:95:in `start'
  /usr/lib/ruby/1.8/webrick/server.rb:92:in `each'
  /usr/lib/ruby/1.8/webrick/server.rb:92:in `start'
  /usr/lib/ruby/1.8/webrick/server.rb:23:in `start'
  /usr/lib/ruby/1.8/webrick/server.rb:82:in `start'

Rendered rescues/_trace (66.1ms)
Rendered rescues/_request_and_response (1.8ms)
Rendering rescues/layout (unprocessable_entity)
DEPRECATION WARNING: Giving :session_key to SessionStore is deprecated, please use :key instead. (called from new at /usr/lib/ruby/gems/1.8/gems/actionpack-2.3.8/lib/action_controller/middleware_stack.rb:72)
  [4;36;1mSQL (0.2ms)[0m   [0;1mSET NAMES 'utf8'[0m
  [4;35;1mSQL (0.1ms)[0m   [0mSET SQL_AUTO_IS_NULL=0[0m


Processing StoreController#index (for 127.0.0.1 at 2010-06-26 15:04:06) [POST]
  Parameters: {"authenticity_token"=>"YzDMWoo3eADw+r7V0mEQbUJiaxQoPtjK1KyBPzD5FhM="}

ActionController::InvalidAuthenticityToken (ActionController::InvalidAuthenticityToken):
  /usr/lib/ruby/1.8/webrick/httpserver.rb:104:in `service'
  /usr/lib/ruby/1.8/webrick/httpserver.rb:65:in `run'
  /usr/lib/ruby/1.8/webrick/server.rb:173:in `start_thread'
  /usr/lib/ruby/1.8/webrick/server.rb:162:in `start'
  /usr/lib/ruby/1.8/webrick/server.rb:162:in `start_thread'
  /usr/lib/ruby/1.8/webrick/server.rb:95:in `start'
  /usr/lib/ruby/1.8/webrick/server.rb:92:in `each'
  /usr/lib/ruby/1.8/webrick/server.rb:92:in `start'
  /usr/lib/ruby/1.8/webrick/server.rb:23:in `start'
  /usr/lib/ruby/1.8/webrick/server.rb:82:in `start'

Rendered rescues/_trace (44.4ms)
Rendered rescues/_request_and_response (0.4ms)
Rendering rescues/layout (unprocessable_entity)
DEPRECATION WARNING: Giving :session_key to SessionStore is deprecated, please use :key instead. (called from new at /usr/lib/ruby/gems/1.8/gems/actionpack-2.3.8/lib/action_controller/middleware_stack.rb:72)
  [4;36;1mSQL (0.3ms)[0m   [0;1mSET NAMES 'utf8'[0m
  [4;35;1mSQL (0.2ms)[0m   [0mSET SQL_AUTO_IS_NULL=0[0m


Processing StoreController#index (for 127.0.0.1 at 2010-06-26 15:09:23) [POST]
  Parameters: {"authenticity_token"=>"YzDMWoo3eADw+r7V0mEQbUJiaxQoPtjK1KyBPzD5FhM="}

ActionController::InvalidAuthenticityToken (ActionController::InvalidAuthenticityToken):
  /usr/lib/ruby/1.8/webrick/httpserver.rb:104:in `service'
  /usr/lib/ruby/1.8/webrick/httpserver.rb:65:in `run'
  /usr/lib/ruby/1.8/webrick/server.rb:173:in `start_thread'
  /usr/lib/ruby/1.8/webrick/server.rb:162:in `start'
  /usr/lib/ruby/1.8/webrick/server.rb:162:in `start_thread'
  /usr/lib/ruby/1.8/webrick/server.rb:95:in `start'
  /usr/lib/ruby/1.8/webrick/server.rb:92:in `each'
  /usr/lib/ruby/1.8/webrick/server.rb:92:in `start'
  /usr/lib/ruby/1.8/webrick/server.rb:23:in `start'
  /usr/lib/ruby/1.8/webrick/server.rb:82:in `start'

Rendered rescues/_trace (58.5ms)
Rendered rescues/_request_and_response (1.8ms)
Rendering rescues/layout (unprocessable_entity)
DEPRECATION WARNING: Giving :session_key to SessionStore is deprecated, please use :key instead. (called from new at /usr/lib/ruby/gems/1.8/gems/actionpack-2.3.8/lib/action_controller/middleware_stack.rb:72)
  [4;36;1mSQL (0.2ms)[0m   [0;1mSET NAMES 'utf8'[0m
  [4;35;1mSQL (0.1ms)[0m   [0mSET SQL_AUTO_IS_NULL=0[0m
DEPRECATION WARNING: protect_from_forgery only takes :only and :except options now. :digest and :secret have no effect. (called from /root/work/depot/app/controllers/application_controller.rb:10)


Processing StoreController#index (for 127.0.0.1 at 2010-06-26 15:16:32) [POST]
  Parameters: {"authenticity_token"=>"YzDMWoo3eADw+r7V0mEQbUJiaxQoPtjK1KyBPzD5FhM="}

ActionController::InvalidAuthenticityToken (ActionController::InvalidAuthenticityToken):
  /usr/lib/ruby/1.8/webrick/httpserver.rb:104:in `service'
  /usr/lib/ruby/1.8/webrick/httpserver.rb:65:in `run'
  /usr/lib/ruby/1.8/webrick/server.rb:173:in `start_thread'
  /usr/lib/ruby/1.8/webrick/server.rb:162:in `start'
  /usr/lib/ruby/1.8/webrick/server.rb:162:in `start_thread'
  /usr/lib/ruby/1.8/webrick/server.rb:95:in `start'
  /usr/lib/ruby/1.8/webrick/server.rb:92:in `each'
  /usr/lib/ruby/1.8/webrick/server.rb:92:in `start'
  /usr/lib/ruby/1.8/webrick/server.rb:23:in `start'
  /usr/lib/ruby/1.8/webrick/server.rb:82:in `start'

Rendered rescues/_trace (59.1ms)
Rendered rescues/_request_and_response (2.6ms)
Rendering rescues/layout (unprocessable_entity)
DEPRECATION WARNING: Giving :session_key to SessionStore is deprecated, please use :key instead. (called from new at /usr/lib/ruby/gems/1.8/gems/actionpack-2.3.8/lib/action_controller/middleware_stack.rb:72)
  [4;36;1mSQL (0.5ms)[0m   [0;1mSET NAMES 'utf8'[0m
  [4;35;1mSQL (0.1ms)[0m   [0mSET SQL_AUTO_IS_NULL=0[0m
DEPRECATION WARNING: protect_from_forgery only takes :only and :except options now. :digest and :secret have no effect. (called from /root/work/depot/app/controllers/application_controller.rb:10)


Processing StoreController#index (for 127.0.0.1 at 2010-06-26 15:17:26) [POST]
  Parameters: {"authenticity_token"=>"YzDMWoo3eADw+r7V0mEQbUJiaxQoPtjK1KyBPzD5FhM="}

ActionController::InvalidAuthenticityToken (ActionController::InvalidAuthenticityToken):
  /usr/lib/ruby/1.8/webrick/httpserver.rb:104:in `service'
  /usr/lib/ruby/1.8/webrick/httpserver.rb:65:in `run'
  /usr/lib/ruby/1.8/webrick/server.rb:173:in `start_thread'
  /usr/lib/ruby/1.8/webrick/server.rb:162:in `start'
  /usr/lib/ruby/1.8/webrick/server.rb:162:in `start_thread'
  /usr/lib/ruby/1.8/webrick/server.rb:95:in `start'
  /usr/lib/ruby/1.8/webrick/server.rb:92:in `each'
  /usr/lib/ruby/1.8/webrick/server.rb:92:in `start'
  /usr/lib/ruby/1.8/webrick/server.rb:23:in `start'
  /usr/lib/ruby/1.8/webrick/server.rb:82:in `start'

Rendered rescues/_trace (56.7ms)
Rendered rescues/_request_and_response (0.3ms)
Rendering rescues/layout (unprocessable_entity)
DEPRECATION WARNING: Giving :session_key to SessionStore is deprecated, please use :key instead. (called from new at /usr/lib/ruby/gems/1.8/gems/actionpack-2.3.8/lib/action_controller/middleware_stack.rb:72)
  [4;36;1mSQL (0.3ms)[0m   [0;1mSET NAMES 'utf8'[0m
  [4;35;1mSQL (0.4ms)[0m   [0mSET SQL_AUTO_IS_NULL=0[0m


Processing StoreController#index (for 127.0.0.1 at 2010-06-26 15:18:02) [POST]
  Parameters: {"authenticity_token"=>"YzDMWoo3eADw+r7V0mEQbUJiaxQoPtjK1KyBPzD5FhM="}

ActionController::InvalidAuthenticityToken (ActionController::InvalidAuthenticityToken):
  /usr/lib/ruby/1.8/webrick/httpserver.rb:104:in `service'
  /usr/lib/ruby/1.8/webrick/httpserver.rb:65:in `run'
  /usr/lib/ruby/1.8/webrick/server.rb:173:in `start_thread'
  /usr/lib/ruby/1.8/webrick/server.rb:162:in `start'
  /usr/lib/ruby/1.8/webrick/server.rb:162:in `start_thread'
  /usr/lib/ruby/1.8/webrick/server.rb:95:in `start'
  /usr/lib/ruby/1.8/webrick/server.rb:92:in `each'
  /usr/lib/ruby/1.8/webrick/server.rb:92:in `start'
  /usr/lib/ruby/1.8/webrick/server.rb:23:in `start'
  /usr/lib/ruby/1.8/webrick/server.rb:82:in `start'

Rendered rescues/_trace (74.0ms)
Rendered rescues/_request_and_response (1.5ms)
Rendering rescues/layout (unprocessable_entity)
DEPRECATION WARNING: Giving :session_key to SessionStore is deprecated, please use :key instead. (called from new at /usr/lib/ruby/gems/1.8/gems/actionpack-2.3.8/lib/action_controller/middleware_stack.rb:72)
  [4;36;1mSQL (0.1ms)[0m   [0;1mSET NAMES 'utf8'[0m
  [4;35;1mSQL (0.1ms)[0m   [0mSET SQL_AUTO_IS_NULL=0[0m


Processing ApplicationController#index (for 127.0.0.1 at 2010-06-26 15:18:22) [GET]

ActionController::RoutingError (No route matches "/pr" with {:method=>:get}):
  /usr/lib/ruby/1.8/webrick/httpserver.rb:104:in `service'
  /usr/lib/ruby/1.8/webrick/httpserver.rb:65:in `run'
  /usr/lib/ruby/1.8/webrick/server.rb:173:in `start_thread'
  /usr/lib/ruby/1.8/webrick/server.rb:162:in `start'
  /usr/lib/ruby/1.8/webrick/server.rb:162:in `start_thread'
  /usr/lib/ruby/1.8/webrick/server.rb:95:in `start'
  /usr/lib/ruby/1.8/webrick/server.rb:92:in `each'
  /usr/lib/ruby/1.8/webrick/server.rb:92:in `start'
  /usr/lib/ruby/1.8/webrick/server.rb:23:in `start'
  /usr/lib/ruby/1.8/webrick/server.rb:82:in `start'

Rendering rescues/layout (not_found)
DEPRECATION WARNING: Giving :session_key to SessionStore is deprecated, please use :key instead. (called from new at /usr/lib/ruby/gems/1.8/gems/actionpack-2.3.8/lib/action_controller/middleware_stack.rb:72)
  [4;36;1mSQL (0.1ms)[0m   [0;1mSET NAMES 'utf8'[0m
  [4;35;1mSQL (0.2ms)[0m   [0mSET SQL_AUTO_IS_NULL=0[0m


Processing ProductsController#index (for 127.0.0.1 at 2010-06-26 15:18:26) [GET]
  [4;36;1mProduct Load (0.7ms)[0m   [0;1mSELECT * FROM `products` [0m
Rendering template within layouts/products
Rendering products/index
  [4;35;1mProduct Columns (2.7ms)[0m   [0mSHOW FIELDS FROM `products`[0m
Completed in 89ms (View: 52, DB: 4) | 200 OK [http://localhost/products]
DEPRECATION WARNING: Giving :session_key to SessionStore is deprecated, please use :key instead. (called from new at /usr/lib/ruby/gems/1.8/gems/actionpack-2.3.8/lib/action_controller/middleware_stack.rb:72)
  [4;36;1mSQL (0.2ms)[0m   [0;1mSET NAMES 'utf8'[0m
  [4;35;1mSQL (0.1ms)[0m   [0mSET SQL_AUTO_IS_NULL=0[0m


Processing StoreController#index (for 127.0.0.1 at 2010-06-26 15:18:48) [GET]
  [4;36;1mProduct Load (4.0ms)[0m   [0;1mSELECT * FROM `products` ORDER BY title[0m
Rendering template within layouts/store
Rendering store/index
  [4;35;1mProduct Columns (16.5ms)[0m   [0mSHOW FIELDS FROM `products`[0m
Completed in 85ms (View: 36, DB: 22) | 200 OK [http://localhost/store]
DEPRECATION WARNING: Giving :session_key to SessionStore is deprecated, please use :key instead. (called from new at /usr/lib/ruby/gems/1.8/gems/actionpack-2.3.8/lib/action_controller/middleware_stack.rb:72)
  [4;36;1mSQL (0.1ms)[0m   [0;1mSET NAMES 'utf8'[0m
  [4;35;1mSQL (0.1ms)[0m   [0mSET SQL_AUTO_IS_NULL=0[0m


Processing ApplicationController#index (for 127.0.0.1 at 2010-06-26 15:18:48) [GET]

ActionController::RoutingError (No route matches "/images/logo.png" with {:method=>:get}):
  /usr/lib/ruby/1.8/webrick/httpserver.rb:104:in `service'
  /usr/lib/ruby/1.8/webrick/httpserver.rb:65:in `run'
  /usr/lib/ruby/1.8/webrick/server.rb:173:in `start_thread'
  /usr/lib/ruby/1.8/webrick/server.rb:162:in `start'
  /usr/lib/ruby/1.8/webrick/server.rb:162:in `start_thread'
  /usr/lib/ruby/1.8/webrick/server.rb:95:in `start'
  /usr/lib/ruby/1.8/webrick/server.rb:92:in `each'
  /usr/lib/ruby/1.8/webrick/server.rb:92:in `start'
  /usr/lib/ruby/1.8/webrick/server.rb:23:in `start'
  /usr/lib/ruby/1.8/webrick/server.rb:82:in `start'

Rendering rescues/layout (not_found)
DEPRECATION WARNING: Giving :session_key to SessionStore is deprecated, please use :key instead. (called from new at /usr/lib/ruby/gems/1.8/gems/actionpack-2.3.8/lib/action_controller/middleware_stack.rb:72)
  [4;36;1mSQL (0.3ms)[0m   [0;1mSET NAMES 'utf8'[0m
  [4;35;1mSQL (0.2ms)[0m   [0mSET SQL_AUTO_IS_NULL=0[0m


Processing StoreController#add_to_cart (for 127.0.0.1 at 2010-06-26 15:19:18) [POST]
  Parameters: {"authenticity_token"=>"nDTFKviPyXZkXXEIhTGRHkptwSvehd3MHsftBeQgcQA=", "id"=>"12"}
  [4;36;1mProduct Columns (10.6ms)[0m   [0;1mSHOW FIELDS FROM `products`[0m
  [4;35;1mProduct Load (0.8ms)[0m   [0mSELECT * FROM `products` WHERE (`products`.`id` = 12) [0m
Rendering template within layouts/store
Rendering store/add_to_cart
Completed in 38ms (View: 15, DB: 15) | 200 OK [http://localhost/store/add_to_cart/12]
DEPRECATION WARNING: Giving :session_key to SessionStore is deprecated, please use :key instead. (called from new at /usr/lib/ruby/gems/1.8/gems/actionpack-2.3.8/lib/action_controller/middleware_stack.rb:72)
  [4;36;1mSQL (0.1ms)[0m   [0;1mSET NAMES 'utf8'[0m
  [4;35;1mSQL (0.1ms)[0m   [0mSET SQL_AUTO_IS_NULL=0[0m


Processing ApplicationController#index (for 127.0.0.1 at 2010-06-26 15:19:18) [GET]

ActionController::RoutingError (No route matches "/images/logo.png" with {:method=>:get}):
  /usr/lib/ruby/1.8/webrick/httpserver.rb:104:in `service'
  /usr/lib/ruby/1.8/webrick/httpserver.rb:65:in `run'
  /usr/lib/ruby/1.8/webrick/server.rb:173:in `start_thread'
  /usr/lib/ruby/1.8/webrick/server.rb:162:in `start'
  /usr/lib/ruby/1.8/webrick/server.rb:162:in `start_thread'
  /usr/lib/ruby/1.8/webrick/server.rb:95:in `start'
  /usr/lib/ruby/1.8/webrick/server.rb:92:in `each'
  /usr/lib/ruby/1.8/webrick/server.rb:92:in `start'
  /usr/lib/ruby/1.8/webrick/server.rb:23:in `start'
  /usr/lib/ruby/1.8/webrick/server.rb:82:in `start'

Rendering rescues/layout (not_found)
DEPRECATION WARNING: Giving :session_key to SessionStore is deprecated, please use :key instead. (called from new at /usr/lib/ruby/gems/1.8/gems/actionpack-2.3.8/lib/action_controller/middleware_stack.rb:72)
  [4;36;1mSQL (0.2ms)[0m   [0;1mSET NAMES 'utf8'[0m
  [4;35;1mSQL (0.1ms)[0m   [0mSET SQL_AUTO_IS_NULL=0[0m


Processing StoreController#add_to_cart (for 127.0.0.1 at 2010-06-26 15:19:25) [POST]
  Parameters: {"authenticity_token"=>"nDTFKviPyXZkXXEIhTGRHkptwSvehd3MHsftBeQgcQA=", "id"=>"11"}
  [4;36;1mProduct Columns (4.4ms)[0m   [0;1mSHOW FIELDS FROM `products`[0m
  [4;35;1mProduct Load (0.9ms)[0m   [0mSELECT * FROM `products` WHERE (`products`.`id` = 11) [0m
Rendering template within layouts/store
Rendering store/add_to_cart
Completed in 36ms (View: 3, DB: 9) | 200 OK [http://localhost/store/add_to_cart/11]
DEPRECATION WARNING: Giving :session_key to SessionStore is deprecated, please use :key instead. (called from new at /usr/lib/ruby/gems/1.8/gems/actionpack-2.3.8/lib/action_controller/middleware_stack.rb:72)
  [4;36;1mSQL (5.1ms)[0m   [0;1mSET NAMES 'utf8'[0m
  [4;35;1mSQL (0.2ms)[0m   [0mSET SQL_AUTO_IS_NULL=0[0m


Processing ApplicationController#index (for 127.0.0.1 at 2010-06-26 15:19:26) [GET]

ActionController::RoutingError (No route matches "/images/logo.png" with {:method=>:get}):
  /usr/lib/ruby/1.8/webrick/httpserver.rb:104:in `service'
  /usr/lib/ruby/1.8/webrick/httpserver.rb:65:in `run'
  /usr/lib/ruby/1.8/webrick/server.rb:173:in `start_thread'
  /usr/lib/ruby/1.8/webrick/server.rb:162:in `start'
  /usr/lib/ruby/1.8/webrick/server.rb:162:in `start_thread'
  /usr/lib/ruby/1.8/webrick/server.rb:95:in `start'
  /usr/lib/ruby/1.8/webrick/server.rb:92:in `each'
  /usr/lib/ruby/1.8/webrick/server.rb:92:in `start'
  /usr/lib/ruby/1.8/webrick/server.rb:23:in `start'
  /usr/lib/ruby/1.8/webrick/server.rb:82:in `start'

Rendering rescues/layout (not_found)
DEPRECATION WARNING: Giving :session_key to SessionStore is deprecated, please use :key instead. (called from new at /usr/lib/ruby/gems/1.8/gems/actionpack-2.3.8/lib/action_controller/middleware_stack.rb:72)
  [4;36;1mSQL (0.1ms)[0m   [0;1mSET NAMES 'utf8'[0m
  [4;35;1mSQL (0.1ms)[0m   [0mSET SQL_AUTO_IS_NULL=0[0m


Processing StoreController#add_to_cart (for 127.0.0.1 at 2010-06-26 15:19:33) [POST]
  Parameters: {"authenticity_token"=>"nDTFKviPyXZkXXEIhTGRHkptwSvehd3MHsftBeQgcQA=", "id"=>"12"}
  [4;36;1mProduct Columns (2.0ms)[0m   [0;1mSHOW FIELDS FROM `products`[0m
  [4;35;1mProduct Load (0.3ms)[0m   [0mSELECT * FROM `products` WHERE (`products`.`id` = 12) [0m
Rendering template within layouts/store
Rendering store/add_to_cart
Completed in 21ms (View: 3, DB: 6) | 200 OK [http://localhost/store/add_to_cart/12]
DEPRECATION WARNING: Giving :session_key to SessionStore is deprecated, please use :key instead. (called from new at /usr/lib/ruby/gems/1.8/gems/actionpack-2.3.8/lib/action_controller/middleware_stack.rb:72)
  [4;36;1mSQL (0.2ms)[0m   [0;1mSET NAMES 'utf8'[0m
  [4;35;1mSQL (0.2ms)[0m   [0mSET SQL_AUTO_IS_NULL=0[0m


Processing ApplicationController#index (for 127.0.0.1 at 2010-06-26 15:19:33) [GET]

ActionController::RoutingError (No route matches "/images/logo.png" with {:method=>:get}):
  /usr/lib/ruby/1.8/webrick/httpserver.rb:104:in `service'
  /usr/lib/ruby/1.8/webrick/httpserver.rb:65:in `run'
  /usr/lib/ruby/1.8/webrick/server.rb:173:in `start_thread'
  /usr/lib/ruby/1.8/webrick/server.rb:162:in `start'
  /usr/lib/ruby/1.8/webrick/server.rb:162:in `start_thread'
  /usr/lib/ruby/1.8/webrick/server.rb:95:in `start'
  /usr/lib/ruby/1.8/webrick/server.rb:92:in `each'
  /usr/lib/ruby/1.8/webrick/server.rb:92:in `start'
  /usr/lib/ruby/1.8/webrick/server.rb:23:in `start'
  /usr/lib/ruby/1.8/webrick/server.rb:82:in `start'

Rendering rescues/layout (not_found)
DEPRECATION WARNING: Giving :session_key to SessionStore is deprecated, please use :key instead. (called from new at /usr/lib/ruby/gems/1.8/gems/actionpack-2.3.8/lib/action_controller/middleware_stack.rb:72)
  [4;36;1mSQL (0.1ms)[0m   [0;1mSET NAMES 'utf8'[0m
  [4;35;1mSQL (0.1ms)[0m   [0mSET SQL_AUTO_IS_NULL=0[0m


Processing StoreController#add_to_cart (for 127.0.0.1 at 2010-06-26 15:19:42) [POST]
  Parameters: {"authenticity_token"=>"nDTFKviPyXZkXXEIhTGRHkptwSvehd3MHsftBeQgcQA=", "id"=>"11"}
  [4;36;1mProduct Columns (10.4ms)[0m   [0;1mSHOW FIELDS FROM `products`[0m
  [4;35;1mProduct Load (2.5ms)[0m   [0mSELECT * FROM `products` WHERE (`products`.`id` = 11) [0m
Rendering template within layouts/store
Rendering store/add_to_cart
Completed in 26ms (View: 3, DB: 14) | 200 OK [http://localhost/store/add_to_cart/11]
DEPRECATION WARNING: Giving :session_key to SessionStore is deprecated, please use :key instead. (called from new at /usr/lib/ruby/gems/1.8/gems/actionpack-2.3.8/lib/action_controller/middleware_stack.rb:72)
  [4;36;1mSQL (0.1ms)[0m   [0;1mSET NAMES 'utf8'[0m
  [4;35;1mSQL (0.1ms)[0m   [0mSET SQL_AUTO_IS_NULL=0[0m


Processing ApplicationController#index (for 127.0.0.1 at 2010-06-26 15:19:42) [GET]

ActionController::RoutingError (No route matches "/images/logo.png" with {:method=>:get}):
  /usr/lib/ruby/1.8/webrick/httpserver.rb:104:in `service'
  /usr/lib/ruby/1.8/webrick/httpserver.rb:65:in `run'
  /usr/lib/ruby/1.8/webrick/server.rb:173:in `start_thread'
  /usr/lib/ruby/1.8/webrick/server.rb:162:in `start'
  /usr/lib/ruby/1.8/webrick/server.rb:162:in `start_thread'
  /usr/lib/ruby/1.8/webrick/server.rb:95:in `start'
  /usr/lib/ruby/1.8/webrick/server.rb:92:in `each'
  /usr/lib/ruby/1.8/webrick/server.rb:92:in `start'
  /usr/lib/ruby/1.8/webrick/server.rb:23:in `start'
  /usr/lib/ruby/1.8/webrick/server.rb:82:in `start'

Rendering rescues/layout (not_found)
DEPRECATION WARNING: Giving :session_key to SessionStore is deprecated, please use :key instead. (called from new at /usr/lib/ruby/gems/1.8/gems/actionpack-2.3.8/lib/action_controller/middleware_stack.rb:72)
  [4;36;1mSQL (0.2ms)[0m   [0;1mSET NAMES 'utf8'[0m
  [4;35;1mSQL (0.1ms)[0m   [0mSET SQL_AUTO_IS_NULL=0[0m


Processing StoreController#add_to_cart (for 127.0.0.1 at 2010-06-26 15:27:53) [POST]
  Parameters: {"authenticity_token"=>"nDTFKviPyXZkXXEIhTGRHkptwSvehd3MHsftBeQgcQA=", "id"=>"11"}
  [4;36;1mProduct Columns (2.6ms)[0m   [0;1mSHOW FIELDS FROM `products`[0m
  [4;35;1mProduct Load (0.1ms)[0m   [0mSELECT * FROM `products` WHERE (`products`.`id` = 11) [0m
Rendering template within layouts/store
Rendering store/add_to_cart
Completed in 17ms (View: 2, DB: 4) | 200 OK [http://localhost/store/add_to_cart/11]
DEPRECATION WARNING: Giving :session_key to SessionStore is deprecated, please use :key instead. (called from new at /usr/lib/ruby/gems/1.8/gems/actionpack-2.3.8/lib/action_controller/middleware_stack.rb:72)
  [4;36;1mSQL (0.1ms)[0m   [0;1mSET NAMES 'utf8'[0m
  [4;35;1mSQL (0.1ms)[0m   [0mSET SQL_AUTO_IS_NULL=0[0m


Processing ApplicationController#index (for 127.0.0.1 at 2010-06-26 15:27:53) [GET]

ActionController::RoutingError (No route matches "/images/logo.png" with {:method=>:get}):
  /usr/lib/ruby/1.8/webrick/httpserver.rb:104:in `service'
  /usr/lib/ruby/1.8/webrick/httpserver.rb:65:in `run'
  /usr/lib/ruby/1.8/webrick/server.rb:173:in `start_thread'
  /usr/lib/ruby/1.8/webrick/server.rb:162:in `start'
  /usr/lib/ruby/1.8/webrick/server.rb:162:in `start_thread'
  /usr/lib/ruby/1.8/webrick/server.rb:95:in `start'
  /usr/lib/ruby/1.8/webrick/server.rb:92:in `each'
  /usr/lib/ruby/1.8/webrick/server.rb:92:in `start'
  /usr/lib/ruby/1.8/webrick/server.rb:23:in `start'
  /usr/lib/ruby/1.8/webrick/server.rb:82:in `start'

Rendering rescues/layout (not_found)
DEPRECATION WARNING: Giving :session_key to SessionStore is deprecated, please use :key instead. (called from new at /usr/lib/ruby/gems/1.8/gems/actionpack-2.3.8/lib/action_controller/middleware_stack.rb:72)
  [4;36;1mSQL (0.1ms)[0m   [0;1mSET NAMES 'utf8'[0m
  [4;35;1mSQL (0.1ms)[0m   [0mSET SQL_AUTO_IS_NULL=0[0m


Processing StoreController#add_to_cart (for 127.0.0.1 at 2010-06-26 15:28:11) [POST]
  Parameters: {"authenticity_token"=>"nDTFKviPyXZkXXEIhTGRHkptwSvehd3MHsftBeQgcQA=", "id"=>"12"}
  [4;36;1mProduct Columns (25.3ms)[0m   [0;1mSHOW FIELDS FROM `products`[0m
  [4;35;1mProduct Load (0.2ms)[0m   [0mSELECT * FROM `products` WHERE (`products`.`id` = 12) [0m
Rendering template within layouts/store
Rendering store/add_to_cart
Completed in 44ms (View: 6, DB: 26) | 200 OK [http://localhost/store/add_to_cart/12]
DEPRECATION WARNING: Giving :session_key to SessionStore is deprecated, please use :key instead. (called from new at /usr/lib/ruby/gems/1.8/gems/actionpack-2.3.8/lib/action_controller/middleware_stack.rb:72)
  [4;36;1mSQL (0.1ms)[0m   [0;1mSET NAMES 'utf8'[0m
  [4;35;1mSQL (0.1ms)[0m   [0mSET SQL_AUTO_IS_NULL=0[0m


Processing ApplicationController#index (for 127.0.0.1 at 2010-06-26 15:28:11) [GET]

ActionController::RoutingError (No route matches "/images/logo.png" with {:method=>:get}):
  /usr/lib/ruby/1.8/webrick/httpserver.rb:104:in `service'
  /usr/lib/ruby/1.8/webrick/httpserver.rb:65:in `run'
  /usr/lib/ruby/1.8/webrick/server.rb:173:in `start_thread'
  /usr/lib/ruby/1.8/webrick/server.rb:162:in `start'
  /usr/lib/ruby/1.8/webrick/server.rb:162:in `start_thread'
  /usr/lib/ruby/1.8/webrick/server.rb:95:in `start'
  /usr/lib/ruby/1.8/webrick/server.rb:92:in `each'
  /usr/lib/ruby/1.8/webrick/server.rb:92:in `start'
  /usr/lib/ruby/1.8/webrick/server.rb:23:in `start'
  /usr/lib/ruby/1.8/webrick/server.rb:82:in `start'

Rendering rescues/layout (not_found)
DEPRECATION WARNING: Giving :session_key to SessionStore is deprecated, please use :key instead. (called from new at /usr/lib/ruby/gems/1.8/gems/actionpack-2.3.8/lib/action_controller/middleware_stack.rb:72)
  [4;36;1mSQL (0.1ms)[0m   [0;1mSET NAMES 'utf8'[0m
  [4;35;1mSQL (0.1ms)[0m   [0mSET SQL_AUTO_IS_NULL=0[0m


Processing StoreController#add_to_cart (for 127.0.0.1 at 2010-06-26 15:28:21) [POST]
  Parameters: {"authenticity_token"=>"nDTFKviPyXZkXXEIhTGRHkptwSvehd3MHsftBeQgcQA=", "id"=>"13"}
  [4;36;1mProduct Columns (1.3ms)[0m   [0;1mSHOW FIELDS FROM `products`[0m
  [4;35;1mProduct Load (0.8ms)[0m   [0mSELECT * FROM `products` WHERE (`products`.`id` = 13) [0m
Rendering template within layouts/store
Rendering store/add_to_cart
Completed in 21ms (View: 3, DB: 3) | 200 OK [http://localhost/store/add_to_cart/13]
DEPRECATION WARNING: Giving :session_key to SessionStore is deprecated, please use :key instead. (called from new at /usr/lib/ruby/gems/1.8/gems/actionpack-2.3.8/lib/action_controller/middleware_stack.rb:72)
  [4;36;1mSQL (0.1ms)[0m   [0;1mSET NAMES 'utf8'[0m
  [4;35;1mSQL (0.1ms)[0m   [0mSET SQL_AUTO_IS_NULL=0[0m


Processing ApplicationController#index (for 127.0.0.1 at 2010-06-26 15:28:21) [GET]

ActionController::RoutingError (No route matches "/images/logo.png" with {:method=>:get}):
  /usr/lib/ruby/1.8/webrick/httpserver.rb:104:in `service'
  /usr/lib/ruby/1.8/webrick/httpserver.rb:65:in `run'
  /usr/lib/ruby/1.8/webrick/server.rb:173:in `start_thread'
  /usr/lib/ruby/1.8/webrick/server.rb:162:in `start'
  /usr/lib/ruby/1.8/webrick/server.rb:162:in `start_thread'
  /usr/lib/ruby/1.8/webrick/server.rb:95:in `start'
  /usr/lib/ruby/1.8/webrick/server.rb:92:in `each'
  /usr/lib/ruby/1.8/webrick/server.rb:92:in `start'
  /usr/lib/ruby/1.8/webrick/server.rb:23:in `start'
  /usr/lib/ruby/1.8/webrick/server.rb:82:in `start'

Rendering rescues/layout (not_found)
DEPRECATION WARNING: Giving :session_key to SessionStore is deprecated, please use :key instead. (called from new at /usr/lib/ruby/gems/1.8/gems/actionpack-2.3.8/lib/action_controller/middleware_stack.rb:72)
  [4;36;1mSQL (1.4ms)[0m   [0;1mSET NAMES 'utf8'[0m
  [4;35;1mSQL (0.4ms)[0m   [0mSET SQL_AUTO_IS_NULL=0[0m


Processing StoreController#index (for 127.0.0.1 at 2010-06-26 16:23:34) [GET]
  [4;36;1mProduct Load (0.3ms)[0m   [0;1mSELECT * FROM `products` ORDER BY title[0m
Rendering template within layouts/store
Rendering store/index
  [4;35;1mProduct Columns (1.3ms)[0m   [0mSHOW FIELDS FROM `products`[0m
Completed in 72ms (View: 63, DB: 5) | 200 OK [http://localhost/store]
DEPRECATION WARNING: Giving :session_key to SessionStore is deprecated, please use :key instead. (called from new at /usr/lib/ruby/gems/1.8/gems/actionpack-2.3.8/lib/action_controller/middleware_stack.rb:72)
  [4;36;1mSQL (0.1ms)[0m   [0;1mSET NAMES 'utf8'[0m
  [4;35;1mSQL (3.4ms)[0m   [0mSET SQL_AUTO_IS_NULL=0[0m


Processing ApplicationController#index (for 127.0.0.1 at 2010-06-26 16:23:34) [GET]

ActionController::RoutingError (No route matches "/images/logo.png" with {:method=>:get}):
  /usr/lib/ruby/1.8/webrick/httpserver.rb:104:in `service'
  /usr/lib/ruby/1.8/webrick/httpserver.rb:65:in `run'
  /usr/lib/ruby/1.8/webrick/server.rb:173:in `start_thread'
  /usr/lib/ruby/1.8/webrick/server.rb:162:in `start'
  /usr/lib/ruby/1.8/webrick/server.rb:162:in `start_thread'
  /usr/lib/ruby/1.8/webrick/server.rb:95:in `start'
  /usr/lib/ruby/1.8/webrick/server.rb:92:in `each'
  /usr/lib/ruby/1.8/webrick/server.rb:92:in `start'
  /usr/lib/ruby/1.8/webrick/server.rb:23:in `start'
  /usr/lib/ruby/1.8/webrick/server.rb:82:in `start'

Rendering rescues/layout (not_found)
DEPRECATION WARNING: Giving :session_key to SessionStore is deprecated, please use :key instead. (called from new at /usr/lib/ruby/gems/1.8/gems/actionpack-2.3.8/lib/action_controller/middleware_stack.rb:72)
  [4;36;1mSQL (0.2ms)[0m   [0;1mSET NAMES 'utf8'[0m
  [4;35;1mSQL (0.1ms)[0m   [0mSET SQL_AUTO_IS_NULL=0[0m


Processing ProductsController#index (for 127.0.0.1 at 2010-08-19 09:35:59) [GET]
  [4;36;1mProduct Load (0.3ms)[0m   [0;1mSELECT * FROM `products` [0m
Rendering template within layouts/products
Rendering products/index
  [4;35;1mProduct Columns (1.4ms)[0m   [0mSHOW FIELDS FROM `products`[0m
Completed in 105ms (View: 81, DB: 10) | 200 OK [http://localhost/products]
DEPRECATION WARNING: Giving :session_key to SessionStore is deprecated, please use :key instead. (called from new at /usr/lib/ruby/gems/1.8/gems/actionpack-2.3.8/lib/action_controller/middleware_stack.rb:72)
  [4;36;1mSQL (0.1ms)[0m   [0;1mSET NAMES 'utf8'[0m
  [4;35;1mSQL (0.4ms)[0m   [0mSET SQL_AUTO_IS_NULL=0[0m


Processing ProductsController#new (for 127.0.0.1 at 2010-08-19 09:36:05) [GET]
  [4;36;1mProduct Columns (1.0ms)[0m   [0;1mSHOW FIELDS FROM `products`[0m
Rendering template within layouts/products
Rendering products/new
Completed in 47ms (View: 27, DB: 2) | 200 OK [http://localhost/products/new]
DEPRECATION WARNING: Giving :session_key to SessionStore is deprecated, please use :key instead. (called from new at /usr/lib/ruby/gems/1.8/gems/actionpack-2.3.8/lib/action_controller/middleware_stack.rb:72)
  [4;35;1mSQL (0.1ms)[0m   [0mSET NAMES 'utf8'[0m
  [4;36;1mSQL (0.8ms)[0m   [0;1mSET SQL_AUTO_IS_NULL=0[0m


Processing ProductsController#index (for 127.0.0.1 at 2010-08-19 09:36:17) [GET]
  [4;35;1mProduct Load (0.1ms)[0m   [0mSELECT * FROM `products` [0m
Rendering template within layouts/products
Rendering products/index
  [4;36;1mProduct Columns (2.0ms)[0m   [0;1mSHOW FIELDS FROM `products`[0m
Completed in 25ms (View: 15, DB: 4) | 200 OK [http://localhost/products]
